TpTrace Verbose: 0 : 14292, 1, 2023/08/08, 03:18:19.150, 2637885540311, vstest.console.dll, Version: 17.5.0-release-20221220-01 Current process architecture: X64
TpTrace Verbose: 0 : 14292, 1, 2023/08/08, 03:18:19.168, 2637885719455, vstest.console.dll, Runtime location: C:\Program Files\dotnet\shared\Microsoft.NETCore.App\7.0.5
TpTrace Verbose: 0 : 14292, 1, 2023/08/08, 03:18:19.172, 2637885762393, vstest.console.dll, ArtifactProcessingPostProcessModeProcessorExecutor.Initialize: ArtifactProcessingMode.Collect
TpTrace Verbose: 0 : 14292, 1, 2023/08/08, 03:18:19.172, 2637885763832, vstest.console.dll, TestSessionCorrelationIdProcessorModeProcessorExecutor.Initialize: TestSessionCorrelationId '13168_6b79438a-3de6-49ee-a1d5-cbff4f612ded'
TpTrace Information: 0 : 14292, 1, 2023/08/08, 03:18:19.180, 2637885847464, vstest.console.dll, FilePatternParser: The given file D:\TourWebsite\backend\TourApp\Package_Test\bin\Debug\net6.0\fine-code-coverage\build-output\Package_Test.dll is a full path.
TpTrace Verbose: 0 : 14292, 1, 2023/08/08, 03:18:19.188, 2637885922413, vstest.console.dll, TestPluginCache.DiscoverTestExtensions: finding test extensions in assemblies ends with: RuntimeProvider.dll TPluginInfo: Microsoft.VisualStudio.TestPlatform.Common.ExtensionFramework.Utilities.TestRuntimePluginInformation TExtension: Microsoft.VisualStudio.TestPlatform.ObjectModel.Host.ITestRuntimeProvider
TpTrace Verbose: 0 : 14292, 1, 2023/08/08, 03:18:19.188, 2637885926070, vstest.console.dll, TestPluginCache.GetExtensionPaths: Filtered extension paths: 
TpTrace Verbose: 0 : 14292, 1, 2023/08/08, 03:18:19.188, 2637885926791, vstest.console.dll, TestPluginCache.GetExtensionPaths: Added default extension paths: C:\Program Files\dotnet\sdk\7.0.203\Extensions\Microsoft.Diagnostics.NETCore.Client.dll
C:\Program Files\dotnet\sdk\7.0.203\Extensions\Microsoft.TestPlatform.Extensions.BlameDataCollector.dll
C:\Program Files\dotnet\sdk\7.0.203\Extensions\Microsoft.TestPlatform.Extensions.EventLogCollector.dll
C:\Program Files\dotnet\sdk\7.0.203\Extensions\Microsoft.TestPlatform.TestHostRuntimeProvider.dll
C:\Program Files\dotnet\sdk\7.0.203\Extensions\Microsoft.VisualStudio.TestPlatform.Extensions.Html.TestLogger.dll
C:\Program Files\dotnet\sdk\7.0.203\Extensions\Microsoft.VisualStudio.TestPlatform.Extensions.Trx.TestLogger.dll
TpTrace Verbose: 0 : 14292, 1, 2023/08/08, 03:18:19.188, 2637885926986, vstest.console.dll, TestPluginCache.GetExtensionPaths: Added unfilterableExtensionPaths: 
TpTrace Information: 0 : 14292, 1, 2023/08/08, 03:18:19.189, 2637885933531, vstest.console.dll, AssemblyResolver.ctor: Creating AssemblyResolver with searchDirectories C:\Program Files\dotnet\sdk\7.0.203\Extensions,C:\Program Files\dotnet\sdk\7.0.203
TpTrace Verbose: 0 : 14292, 1, 2023/08/08, 03:18:19.190, 2637885944839, vstest.console.dll, TestPluginCache.DiscoverTestExtensions: Discovering the extensions using extension path.
TpTrace Verbose: 0 : 14292, 1, 2023/08/08, 03:18:19.190, 2637885946045, vstest.console.dll, TestPluginCache.GetExtensionPaths: Filtered extension paths: 
TpTrace Verbose: 0 : 14292, 1, 2023/08/08, 03:18:19.190, 2637885946309, vstest.console.dll, TestPluginCache.GetExtensionPaths: Added default extension paths: C:\Program Files\dotnet\sdk\7.0.203\Extensions\Microsoft.Diagnostics.NETCore.Client.dll
C:\Program Files\dotnet\sdk\7.0.203\Extensions\Microsoft.TestPlatform.Extensions.BlameDataCollector.dll
C:\Program Files\dotnet\sdk\7.0.203\Extensions\Microsoft.TestPlatform.Extensions.EventLogCollector.dll
C:\Program Files\dotnet\sdk\7.0.203\Extensions\Microsoft.TestPlatform.TestHostRuntimeProvider.dll
C:\Program Files\dotnet\sdk\7.0.203\Extensions\Microsoft.VisualStudio.TestPlatform.Extensions.Html.TestLogger.dll
C:\Program Files\dotnet\sdk\7.0.203\Extensions\Microsoft.VisualStudio.TestPlatform.Extensions.Trx.TestLogger.dll
TpTrace Verbose: 0 : 14292, 1, 2023/08/08, 03:18:19.190, 2637885946471, vstest.console.dll, TestPluginCache.GetExtensionPaths: Added unfilterableExtensionPaths: 
TpTrace Verbose: 0 : 14292, 1, 2023/08/08, 03:18:19.190, 2637885947135, vstest.console.dll, TestPluginCache.DiscoverTestExtensions: Discovering the extensions using allExtensionPaths: C:\Program Files\dotnet\sdk\7.0.203\Extensions\Microsoft.Diagnostics.NETCore.Client.dll
C:\Program Files\dotnet\sdk\7.0.203\Extensions\Microsoft.TestPlatform.Extensions.BlameDataCollector.dll
C:\Program Files\dotnet\sdk\7.0.203\Extensions\Microsoft.TestPlatform.Extensions.EventLogCollector.dll
C:\Program Files\dotnet\sdk\7.0.203\Extensions\Microsoft.TestPlatform.TestHostRuntimeProvider.dll
C:\Program Files\dotnet\sdk\7.0.203\Extensions\Microsoft.VisualStudio.TestPlatform.Extensions.Html.TestLogger.dll
C:\Program Files\dotnet\sdk\7.0.203\Extensions\Microsoft.VisualStudio.TestPlatform.Extensions.Trx.TestLogger.dll
TpTrace Information: 0 : 14292, 1, 2023/08/08, 03:18:19.190, 2637885948438, vstest.console.dll, AssemblyResolver.AddSearchDirectories: Adding more searchDirectories C:\Program Files\dotnet\sdk\7.0.203\Extensions,C:\Program Files\dotnet\sdk\7.0.203
TpTrace Information: 0 : 14292, 1, 2023/08/08, 03:18:19.191, 2637885948903, vstest.console.dll, AssemblyResolver.AddSearchDirectories: Adding more searchDirectories C:\Program Files\dotnet\sdk\7.0.203\Extensions,C:\Program Files\dotnet\sdk\7.0.203
TpTrace Information: 0 : 14292, 1, 2023/08/08, 03:18:19.191, 2637885949090, vstest.console.dll, AssemblyResolver.AddSearchDirectories: Adding more searchDirectories C:\Program Files\dotnet\sdk\7.0.203\Extensions,C:\Program Files\dotnet\sdk\7.0.203
TpTrace Information: 0 : 14292, 1, 2023/08/08, 03:18:19.191, 2637885949253, vstest.console.dll, AssemblyResolver.AddSearchDirectories: Adding more searchDirectories C:\Program Files\dotnet\sdk\7.0.203\Extensions,C:\Program Files\dotnet\sdk\7.0.203
TpTrace Information: 0 : 14292, 1, 2023/08/08, 03:18:19.191, 2637885949431, vstest.console.dll, AssemblyResolver.AddSearchDirectories: Adding more searchDirectories C:\Program Files\dotnet\sdk\7.0.203\Extensions,C:\Program Files\dotnet\sdk\7.0.203
TpTrace Information: 0 : 14292, 1, 2023/08/08, 03:18:19.191, 2637885949580, vstest.console.dll, AssemblyResolver.AddSearchDirectories: Adding more searchDirectories C:\Program Files\dotnet\sdk\7.0.203\Extensions,C:\Program Files\dotnet\sdk\7.0.203
TpTrace Information: 0 : 14292, 1, 2023/08/08, 03:18:19.191, 2637885952802, vstest.console.dll, AssemblyResolver.OnResolve: Microsoft.Diagnostics.NETCore.Client: Resolving assembly.
TpTrace Information: 0 : 14292, 1, 2023/08/08, 03:18:19.191, 2637885953359, vstest.console.dll, AssemblyResolver.OnResolve: Microsoft.Diagnostics.NETCore.Client: Searching in: 'C:\Program Files\dotnet\sdk\7.0.203\Extensions'.
TpTrace Information: 0 : 14292, 1, 2023/08/08, 03:18:19.235, 2637886396983, vstest.console.dll, AssemblyResolver.OnResolve: Microsoft.Diagnostics.NETCore.Client: Loading assembly 'C:\Program Files\dotnet\sdk\7.0.203\Extensions\Microsoft.Diagnostics.NETCore.Client.dll'.
TpTrace Information: 0 : 14292, 1, 2023/08/08, 03:18:19.237, 2637886416792, vstest.console.dll, AssemblyResolver.OnResolve: Resolved assembly: Microsoft.Diagnostics.NETCore.Client, from path: C:\Program Files\dotnet\sdk\7.0.203\Extensions\Microsoft.Diagnostics.NETCore.Client.dll
TpTrace Verbose: 0 : 14292, 1, 2023/08/08, 03:18:19.239, 2637886429173, vstest.console.dll, MetadataReaderExtensionsHelper: Discovering extensions inside assembly 'Microsoft.Diagnostics.NETCore.Client, Version=0.2.6.42401, Culture=neutral, PublicKeyToken=31bf3856ad364e35' file path 'C:\Program Files\dotnet\sdk\7.0.203\Extensions\Microsoft.Diagnostics.NETCore.Client.dll'
TpTrace Information: 0 : 14292, 1, 2023/08/08, 03:18:19.244, 2637886486300, vstest.console.dll, AssemblyResolver.OnResolve: Microsoft.Bcl.AsyncInterfaces: Resolving assembly.
TpTrace Information: 0 : 14292, 1, 2023/08/08, 03:18:19.244, 2637886487296, vstest.console.dll, AssemblyResolver.OnResolve: Microsoft.Bcl.AsyncInterfaces: Searching in: 'C:\Program Files\dotnet\sdk\7.0.203\Extensions'.
TpTrace Information: 0 : 14292, 1, 2023/08/08, 03:18:19.260, 2637886647412, vstest.console.dll, AssemblyResolver.OnResolve: Microsoft.Bcl.AsyncInterfaces: Assembly path does not exist: 'C:\Program Files\dotnet\sdk\7.0.203\Extensions\Microsoft.Bcl.AsyncInterfaces.dll', returning.
TpTrace Information: 0 : 14292, 1, 2023/08/08, 03:18:19.261, 2637886649083, vstest.console.dll, AssemblyResolver.OnResolve: Microsoft.Bcl.AsyncInterfaces: Assembly path does not exist: 'C:\Program Files\dotnet\sdk\7.0.203\Extensions\Microsoft.Bcl.AsyncInterfaces.exe', returning.
TpTrace Information: 0 : 14292, 1, 2023/08/08, 03:18:19.261, 2637886649338, vstest.console.dll, AssemblyResolver.OnResolve: Microsoft.Bcl.AsyncInterfaces: Searching in: 'C:\Program Files\dotnet\sdk\7.0.203'.
TpTrace Information: 0 : 14292, 1, 2023/08/08, 03:18:19.261, 2637886649668, vstest.console.dll, AssemblyResolver.OnResolve: Microsoft.Bcl.AsyncInterfaces: Assembly path does not exist: 'C:\Program Files\dotnet\sdk\7.0.203\Microsoft.Bcl.AsyncInterfaces.dll', returning.
TpTrace Information: 0 : 14292, 1, 2023/08/08, 03:18:19.261, 2637886649929, vstest.console.dll, AssemblyResolver.OnResolve: Microsoft.Bcl.AsyncInterfaces: Assembly path does not exist: 'C:\Program Files\dotnet\sdk\7.0.203\Microsoft.Bcl.AsyncInterfaces.exe', returning.
TpTrace Information: 0 : 14292, 1, 2023/08/08, 03:18:19.261, 2637886650106, vstest.console.dll, AssemblyResolver.OnResolve: Microsoft.Bcl.AsyncInterfaces: Failed to load assembly.
TpTrace Verbose: 0 : 14292, 1, 2023/08/08, 03:18:19.261, 2637886650430, vstest.console.dll, CurrentDomainAssemblyResolve: Resolving assembly 'Microsoft.Bcl.AsyncInterfaces'.
TpTrace Information: 0 : 14292, 1, 2023/08/08, 03:18:19.261, 2637886651219, vstest.console.dll, AssemblyResolver.OnResolve: Microsoft.Bcl.AsyncInterfaces: Resolving assembly.
TpTrace Information: 0 : 14292, 1, 2023/08/08, 03:18:19.261, 2637886651617, vstest.console.dll, AssemblyResolver.OnResolve: Microsoft.Bcl.AsyncInterfaces: Resolved from cache.
TpTrace Verbose: 0 : 14292, 1, 2023/08/08, 03:18:19.261, 2637886651765, vstest.console.dll, CurrentDomainAssemblyResolve: Resolving assembly 'Microsoft.Bcl.AsyncInterfaces'.
TpTrace Verbose: 0 : 14292, 1, 2023/08/08, 03:18:19.261, 2637886652005, vstest.console.dll, CurrentDomainAssemblyResolve: Failed to resolve assembly 'Microsoft.Bcl.AsyncInterfaces'.
TpTrace Verbose: 0 : 14292, 1, 2023/08/08, 03:18:19.266, 2637886700911, vstest.console.dll, CurrentDomainAssemblyResolve: Failed to resolve assembly 'Microsoft.Bcl.AsyncInterfaces'.
TpTrace Warning: 0 : 14292, 1, 2023/08/08, 03:18:19.285, 2637886893776, vstest.console.dll, TestPluginDiscoverer: Failed to get types from assembly 'Microsoft.Diagnostics.NETCore.Client, Version=0.2.6.42401, Culture=neutral, PublicKeyToken=31bf3856ad364e35'. Error: System.Reflection.ReflectionTypeLoadException: Unable to load one or more of the requested types.
Could not load file or assembly 'Microsoft.Bcl.AsyncInterfaces, Version=1.0.0.0, Culture=neutral, PublicKeyToken=cc7b13ffcd2ddd51'. The system cannot find the file specified.
   at System.Reflection.RuntimeModule.GetTypes(RuntimeModule module)
   at System.Reflection.Assembly.GetTypes()
   at Microsoft.VisualStudio.TestPlatform.Common.ExtensionFramework.TestPluginDiscoverer.GetTestExtensionsFromAssembly[TPluginInfo,TExtension](Assembly assembly, Dictionary`2 pluginInfos, String filePath)
System.IO.FileNotFoundException: Could not load file or assembly 'Microsoft.Bcl.AsyncInterfaces, Version=1.0.0.0, Culture=neutral, PublicKeyToken=cc7b13ffcd2ddd51'. The system cannot find the file specified.
File name: 'Microsoft.Bcl.AsyncInterfaces, Version=1.0.0.0, Culture=neutral, PublicKeyToken=cc7b13ffcd2ddd51'
 ---> System.IO.FileNotFoundException: Could not load file or assembly 'Microsoft.Bcl.AsyncInterfaces, Culture=neutral, PublicKeyToken=null'. The system cannot find the file specified.
File name: 'Microsoft.Bcl.AsyncInterfaces, Culture=neutral, PublicKeyToken=null'
   at System.Reflection.RuntimeAssembly.InternalLoad(AssemblyName assemblyName, StackCrawlMark& stackMark, AssemblyLoadContext assemblyLoadContext, RuntimeAssembly requestingAssembly, Boolean throwOnFileNotFound)
   at System.Reflection.Assembly.Load(AssemblyName assemblyRef)
   at Microsoft.VisualStudio.TestPlatform.Common.ExtensionFramework.TestPluginCache.CurrentDomainAssemblyResolve(Object sender, AssemblyResolveEventArgs args)
   at System.Runtime.Loader.AssemblyLoadContext.GetFirstResolvedAssemblyFromResolvingEvent(AssemblyName assemblyName)
   at System.Runtime.Loader.AssemblyLoadContext.ResolveUsingEvent(AssemblyName assemblyName)
   at System.Runtime.Loader.AssemblyLoadContext.ResolveUsingResolvingEvent(IntPtr gchManagedAssemblyLoadContext, AssemblyName assemblyName)
TpTrace Warning: 0 : 14292, 1, 2023/08/08, 03:18:19.285, 2637886896988, vstest.console.dll, LoaderExceptions: System.IO.FileNotFoundException: Could not load file or assembly 'Microsoft.Bcl.AsyncInterfaces, Version=1.0.0.0, Culture=neutral, PublicKeyToken=cc7b13ffcd2ddd51'. The system cannot find the file specified.
File name: 'Microsoft.Bcl.AsyncInterfaces, Version=1.0.0.0, Culture=neutral, PublicKeyToken=cc7b13ffcd2ddd51'
 ---> System.IO.FileNotFoundException: Could not load file or assembly 'Microsoft.Bcl.AsyncInterfaces, Culture=neutral, PublicKeyToken=null'. The system cannot find the file specified.
File name: 'Microsoft.Bcl.AsyncInterfaces, Culture=neutral, PublicKeyToken=null'
   at System.Reflection.RuntimeAssembly.InternalLoad(AssemblyName assemblyName, StackCrawlMark& stackMark, AssemblyLoadContext assemblyLoadContext, RuntimeAssembly requestingAssembly, Boolean throwOnFileNotFound)
   at System.Reflection.Assembly.Load(AssemblyName assemblyRef)
   at Microsoft.VisualStudio.TestPlatform.Common.ExtensionFramework.TestPluginCache.CurrentDomainAssemblyResolve(Object sender, AssemblyResolveEventArgs args)
   at System.Runtime.Loader.AssemblyLoadContext.GetFirstResolvedAssemblyFromResolvingEvent(AssemblyName assemblyName)
   at System.Runtime.Loader.AssemblyLoadContext.ResolveUsingEvent(AssemblyName assemblyName)
   at System.Runtime.Loader.AssemblyLoadContext.ResolveUsingResolvingEvent(IntPtr gchManagedAssemblyLoadContext, AssemblyName assemblyName)
TpTrace Information: 0 : 14292, 1, 2023/08/08, 03:18:19.285, 2637886898417, vstest.console.dll, AssemblyResolver.OnResolve: Microsoft.TestPlatform.Extensions.BlameDataCollector: Resolving assembly.
TpTrace Information: 0 : 14292, 1, 2023/08/08, 03:18:19.286, 2637886898749, vstest.console.dll, AssemblyResolver.OnResolve: Microsoft.TestPlatform.Extensions.BlameDataCollector: Searching in: 'C:\Program Files\dotnet\sdk\7.0.203\Extensions'.
TpTrace Information: 0 : 14292, 1, 2023/08/08, 03:18:19.286, 2637886906474, vstest.console.dll, AssemblyResolver.OnResolve: Microsoft.TestPlatform.Extensions.BlameDataCollector: Loading assembly 'C:\Program Files\dotnet\sdk\7.0.203\Extensions\Microsoft.TestPlatform.Extensions.BlameDataCollector.dll'.
TpTrace Information: 0 : 14292, 1, 2023/08/08, 03:18:19.287, 2637886912395, vstest.console.dll, AssemblyResolver.OnResolve: Resolved assembly: Microsoft.TestPlatform.Extensions.BlameDataCollector, from path: C:\Program Files\dotnet\sdk\7.0.203\Extensions\Microsoft.TestPlatform.Extensions.BlameDataCollector.dll
TpTrace Verbose: 0 : 14292, 1, 2023/08/08, 03:18:19.287, 2637886913080, vstest.console.dll, MetadataReaderExtensionsHelper: Discovering extensions inside assembly 'Microsoft.TestPlatform.Extensions.BlameDataCollector, Version=15.0.0.0, Culture=neutral, PublicKeyToken=b03f5f7f11d50a3a' file path 'C:\Program Files\dotnet\sdk\7.0.203\Extensions\Microsoft.TestPlatform.Extensions.BlameDataCollector.dll'
TpTrace Information: 0 : 14292, 1, 2023/08/08, 03:18:19.289, 2637886929944, vstest.console.dll, AssemblyResolver.OnResolve: Microsoft.TestPlatform.Extensions.EventLogCollector: Resolving assembly.
TpTrace Information: 0 : 14292, 1, 2023/08/08, 03:18:19.289, 2637886930473, vstest.console.dll, AssemblyResolver.OnResolve: Microsoft.TestPlatform.Extensions.EventLogCollector: Searching in: 'C:\Program Files\dotnet\sdk\7.0.203\Extensions'.
TpTrace Information: 0 : 14292, 1, 2023/08/08, 03:18:19.289, 2637886935220, vstest.console.dll, AssemblyResolver.OnResolve: Microsoft.TestPlatform.Extensions.EventLogCollector: Loading assembly 'C:\Program Files\dotnet\sdk\7.0.203\Extensions\Microsoft.TestPlatform.Extensions.EventLogCollector.dll'.
TpTrace Information: 0 : 14292, 1, 2023/08/08, 03:18:19.290, 2637886938941, vstest.console.dll, AssemblyResolver.OnResolve: Resolved assembly: Microsoft.TestPlatform.Extensions.EventLogCollector, from path: C:\Program Files\dotnet\sdk\7.0.203\Extensions\Microsoft.TestPlatform.Extensions.EventLogCollector.dll
TpTrace Verbose: 0 : 14292, 1, 2023/08/08, 03:18:19.290, 2637886939450, vstest.console.dll, MetadataReaderExtensionsHelper: Discovering extensions inside assembly 'Microsoft.TestPlatform.Extensions.EventLogCollector, Version=15.0.0.0, Culture=neutral, PublicKeyToken=b03f5f7f11d50a3a' file path 'C:\Program Files\dotnet\sdk\7.0.203\Extensions\Microsoft.TestPlatform.Extensions.EventLogCollector.dll'
TpTrace Information: 0 : 14292, 1, 2023/08/08, 03:18:19.292, 2637886958900, vstest.console.dll, AssemblyResolver.OnResolve: Microsoft.TestPlatform.TestHostRuntimeProvider: Resolving assembly.
TpTrace Information: 0 : 14292, 1, 2023/08/08, 03:18:19.292, 2637886959590, vstest.console.dll, AssemblyResolver.OnResolve: Microsoft.TestPlatform.TestHostRuntimeProvider: Searching in: 'C:\Program Files\dotnet\sdk\7.0.203\Extensions'.
TpTrace Information: 0 : 14292, 1, 2023/08/08, 03:18:19.292, 2637886964648, vstest.console.dll, AssemblyResolver.OnResolve: Microsoft.TestPlatform.TestHostRuntimeProvider: Loading assembly 'C:\Program Files\dotnet\sdk\7.0.203\Extensions\Microsoft.TestPlatform.TestHostRuntimeProvider.dll'.
TpTrace Information: 0 : 14292, 1, 2023/08/08, 03:18:19.293, 2637886970769, vstest.console.dll, AssemblyResolver.OnResolve: Resolved assembly: Microsoft.TestPlatform.TestHostRuntimeProvider, from path: C:\Program Files\dotnet\sdk\7.0.203\Extensions\Microsoft.TestPlatform.TestHostRuntimeProvider.dll
TpTrace Verbose: 0 : 14292, 1, 2023/08/08, 03:18:19.293, 2637886971380, vstest.console.dll, MetadataReaderExtensionsHelper: Discovering extensions inside assembly 'Microsoft.TestPlatform.TestHostRuntimeProvider, Version=15.0.0.0, Culture=neutral, PublicKeyToken=b03f5f7f11d50a3a' file path 'C:\Program Files\dotnet\sdk\7.0.203\Extensions\Microsoft.TestPlatform.TestHostRuntimeProvider.dll'
TpTrace Information: 0 : 14292, 1, 2023/08/08, 03:18:19.295, 2637886990435, vstest.console.dll, GetTestExtensionFromType: Register extension with identifier data 'HostProvider://DefaultTestHost' and type 'Microsoft.VisualStudio.TestPlatform.CrossPlatEngine.Hosting.DefaultTestHostManager, Microsoft.TestPlatform.TestHostRuntimeProvider, Version=15.0.0.0, Culture=neutral, PublicKeyToken=b03f5f7f11d50a3a' inside file 'C:\Program Files\dotnet\sdk\7.0.203\Extensions\Microsoft.TestPlatform.TestHostRuntimeProvider.dll'
TpTrace Information: 0 : 14292, 1, 2023/08/08, 03:18:19.295, 2637886992851, vstest.console.dll, GetTestExtensionFromType: Register extension with identifier data 'HostProvider://DotnetTestHost' and type 'Microsoft.VisualStudio.TestPlatform.CrossPlatEngine.Hosting.DotnetTestHostManager, Microsoft.TestPlatform.TestHostRuntimeProvider, Version=15.0.0.0, Culture=neutral, PublicKeyToken=b03f5f7f11d50a3a' inside file 'C:\Program Files\dotnet\sdk\7.0.203\Extensions\Microsoft.TestPlatform.TestHostRuntimeProvider.dll'
TpTrace Information: 0 : 14292, 1, 2023/08/08, 03:18:19.295, 2637886993566, vstest.console.dll, AssemblyResolver.OnResolve: Microsoft.VisualStudio.TestPlatform.Extensions.Html.TestLogger: Resolving assembly.
TpTrace Information: 0 : 14292, 1, 2023/08/08, 03:18:19.295, 2637886993820, vstest.console.dll, AssemblyResolver.OnResolve: Microsoft.VisualStudio.TestPlatform.Extensions.Html.TestLogger: Searching in: 'C:\Program Files\dotnet\sdk\7.0.203\Extensions'.
TpTrace Information: 0 : 14292, 1, 2023/08/08, 03:18:19.296, 2637886999242, vstest.console.dll, AssemblyResolver.OnResolve: Microsoft.VisualStudio.TestPlatform.Extensions.Html.TestLogger: Loading assembly 'C:\Program Files\dotnet\sdk\7.0.203\Extensions\Microsoft.VisualStudio.TestPlatform.Extensions.Html.TestLogger.dll'.
TpTrace Information: 0 : 14292, 1, 2023/08/08, 03:18:19.296, 2637887003919, vstest.console.dll, AssemblyResolver.OnResolve: Resolved assembly: Microsoft.VisualStudio.TestPlatform.Extensions.Html.TestLogger, from path: C:\Program Files\dotnet\sdk\7.0.203\Extensions\Microsoft.VisualStudio.TestPlatform.Extensions.Html.TestLogger.dll
TpTrace Verbose: 0 : 14292, 1, 2023/08/08, 03:18:19.296, 2637887004530, vstest.console.dll, MetadataReaderExtensionsHelper: Discovering extensions inside assembly 'Microsoft.VisualStudio.TestPlatform.Extensions.Html.TestLogger, Version=15.0.0.0, Culture=neutral, PublicKeyToken=b03f5f7f11d50a3a' file path 'C:\Program Files\dotnet\sdk\7.0.203\Extensions\Microsoft.VisualStudio.TestPlatform.Extensions.Html.TestLogger.dll'
TpTrace Information: 0 : 14292, 1, 2023/08/08, 03:18:19.297, 2637887012104, vstest.console.dll, AssemblyResolver.OnResolve: Microsoft.VisualStudio.TestPlatform.Extensions.Trx.TestLogger: Resolving assembly.
TpTrace Information: 0 : 14292, 1, 2023/08/08, 03:18:19.297, 2637887013146, vstest.console.dll, AssemblyResolver.OnResolve: Microsoft.VisualStudio.TestPlatform.Extensions.Trx.TestLogger: Searching in: 'C:\Program Files\dotnet\sdk\7.0.203\Extensions'.
TpTrace Information: 0 : 14292, 1, 2023/08/08, 03:18:19.298, 2637887022187, vstest.console.dll, AssemblyResolver.OnResolve: Microsoft.VisualStudio.TestPlatform.Extensions.Trx.TestLogger: Loading assembly 'C:\Program Files\dotnet\sdk\7.0.203\Extensions\Microsoft.VisualStudio.TestPlatform.Extensions.Trx.TestLogger.dll'.
TpTrace Information: 0 : 14292, 1, 2023/08/08, 03:18:19.299, 2637887030623, vstest.console.dll, AssemblyResolver.OnResolve: Resolved assembly: Microsoft.VisualStudio.TestPlatform.Extensions.Trx.TestLogger, from path: C:\Program Files\dotnet\sdk\7.0.203\Extensions\Microsoft.VisualStudio.TestPlatform.Extensions.Trx.TestLogger.dll
TpTrace Verbose: 0 : 14292, 1, 2023/08/08, 03:18:19.299, 2637887031368, vstest.console.dll, MetadataReaderExtensionsHelper: Discovering extensions inside assembly 'Microsoft.VisualStudio.TestPlatform.Extensions.Trx.TestLogger, Version=15.0.0.0, Culture=neutral, PublicKeyToken=b03f5f7f11d50a3a' file path 'C:\Program Files\dotnet\sdk\7.0.203\Extensions\Microsoft.VisualStudio.TestPlatform.Extensions.Trx.TestLogger.dll'
TpTrace Verbose: 0 : 14292, 1, 2023/08/08, 03:18:19.300, 2637887044808, vstest.console.dll, TestPluginCache: Discovered the extensions using extension path ''.
TpTrace Verbose: 0 : 14292, 1, 2023/08/08, 03:18:19.300, 2637887045465, vstest.console.dll, TestPluginCache: Discoverers are ''.
TpTrace Verbose: 0 : 14292, 1, 2023/08/08, 03:18:19.300, 2637887045618, vstest.console.dll, TestPluginCache: Executors are ''.
TpTrace Verbose: 0 : 14292, 1, 2023/08/08, 03:18:19.300, 2637887045786, vstest.console.dll, TestPluginCache: Executors2 are ''.
TpTrace Verbose: 0 : 14292, 1, 2023/08/08, 03:18:19.300, 2637887045913, vstest.console.dll, TestPluginCache: Setting providers are ''.
TpTrace Verbose: 0 : 14292, 1, 2023/08/08, 03:18:19.300, 2637887046040, vstest.console.dll, TestPluginCache: Loggers are ''.
TpTrace Verbose: 0 : 14292, 1, 2023/08/08, 03:18:19.300, 2637887047165, vstest.console.dll, TestPluginCache: TestHosts are 'HostProvider://DefaultTestHost,HostProvider://DotnetTestHost'.
TpTrace Verbose: 0 : 14292, 1, 2023/08/08, 03:18:19.300, 2637887047382, vstest.console.dll, TestPluginCache: DataCollectors are ''.
TpTrace Information: 0 : 14292, 1, 2023/08/08, 03:18:19.327, 2637887314317, vstest.console.dll, RunTestsArgumentProcessor:Execute: Test run is starting.
TpTrace Verbose: 0 : 14292, 1, 2023/08/08, 03:18:19.327, 2637887315481, vstest.console.dll, RunTestsArgumentProcessor:Execute: Queuing Test run.
TpTrace Information: 0 : 14292, 1, 2023/08/08, 03:18:19.327, 2637887318096, vstest.console.dll, TestRequestManager.RunTests: run tests started.
TpTrace Information: 0 : 14292, 1, 2023/08/08, 03:18:19.329, 2637887328848, vstest.console.dll, AssemblyMetadataProvider.GetFrameworkName: Determined framework:'.NETCoreApp,Version=v6.0' for source: 'D:\TourWebsite\backend\TourApp\Package_Test\bin\Debug\net6.0\fine-code-coverage\build-output\Package_Test.dll'
TpTrace Information: 0 : 14292, 1, 2023/08/08, 03:18:19.329, 2637887330815, vstest.console.dll, Determined framework for all sources: .NETCoreApp,Version=v6.0
TpTrace Verbose: 0 : 14292, 1, 2023/08/08, 03:18:19.329, 2637887334750, vstest.console.dll, TestRequestManager.UpdateRunSettingsIfRequired: Default architecture: X64 IsDefaultTargetArchitecture: True, Current process architecture: X64 OperatingSystem: Windows.
TpTrace Information: 0 : 14292, 1, 2023/08/08, 03:18:19.331, 2637887349446, vstest.console.dll, AssemblyMetadataProvider.GetArchitecture: Determined architecture:AnyCPU info for assembly: D:\TourWebsite\backend\TourApp\Package_Test\bin\Debug\net6.0\fine-code-coverage\build-output\Package_Test.dll
TpTrace Information: 0 : 14292, 1, 2023/08/08, 03:18:19.331, 2637887350098, vstest.console.dll, Determined platform for source 'D:\TourWebsite\backend\TourApp\Package_Test\bin\Debug\net6.0\fine-code-coverage\build-output\Package_Test.dll' was AnyCPU and it will use the default plaform X64.
TpTrace Information: 0 : 14292, 1, 2023/08/08, 03:18:19.331, 2637887350346, vstest.console.dll, None of the sources provided any runnable platform, using the default platform: X64
TpTrace Information: 0 : 14292, 1, 2023/08/08, 03:18:19.331, 2637887351307, vstest.console.dll, Platform was updated to 'X64'.
TpTrace Information: 0 : 14292, 1, 2023/08/08, 03:18:19.335, 2637887395412, vstest.console.dll, InferRunSettingsHelper.IsTestSettingsEnabled: Unable to navigate to RunSettings/MSTest. Current node: RunSettings
TpTrace Information: 0 : 14292, 1, 2023/08/08, 03:18:19.336, 2637887408435, vstest.console.dll, AssemblyResolver.OnResolve: Microsoft.VisualStudio.TestPlatform.Fakes: Resolving assembly.
TpTrace Information: 0 : 14292, 1, 2023/08/08, 03:18:19.337, 2637887409176, vstest.console.dll, AssemblyResolver.OnResolve: Microsoft.VisualStudio.TestPlatform.Fakes: Searching in: 'C:\Program Files\dotnet\sdk\7.0.203\Extensions'.
TpTrace Information: 0 : 14292, 1, 2023/08/08, 03:18:19.337, 2637887409718, vstest.console.dll, AssemblyResolver.OnResolve: Microsoft.VisualStudio.TestPlatform.Fakes: Assembly path does not exist: 'C:\Program Files\dotnet\sdk\7.0.203\Extensions\Microsoft.VisualStudio.TestPlatform.Fakes.dll', returning.
TpTrace Information: 0 : 14292, 1, 2023/08/08, 03:18:19.337, 2637887410276, vstest.console.dll, AssemblyResolver.OnResolve: Microsoft.VisualStudio.TestPlatform.Fakes: Assembly path does not exist: 'C:\Program Files\dotnet\sdk\7.0.203\Extensions\Microsoft.VisualStudio.TestPlatform.Fakes.exe', returning.
TpTrace Information: 0 : 14292, 1, 2023/08/08, 03:18:19.337, 2637887410459, vstest.console.dll, AssemblyResolver.OnResolve: Microsoft.VisualStudio.TestPlatform.Fakes: Searching in: 'C:\Program Files\dotnet\sdk\7.0.203'.
TpTrace Information: 0 : 14292, 1, 2023/08/08, 03:18:19.337, 2637887410757, vstest.console.dll, AssemblyResolver.OnResolve: Microsoft.VisualStudio.TestPlatform.Fakes: Assembly path does not exist: 'C:\Program Files\dotnet\sdk\7.0.203\Microsoft.VisualStudio.TestPlatform.Fakes.dll', returning.
TpTrace Information: 0 : 14292, 1, 2023/08/08, 03:18:19.337, 2637887411053, vstest.console.dll, AssemblyResolver.OnResolve: Microsoft.VisualStudio.TestPlatform.Fakes: Assembly path does not exist: 'C:\Program Files\dotnet\sdk\7.0.203\Microsoft.VisualStudio.TestPlatform.Fakes.exe', returning.
TpTrace Information: 0 : 14292, 1, 2023/08/08, 03:18:19.337, 2637887411202, vstest.console.dll, AssemblyResolver.OnResolve: Microsoft.VisualStudio.TestPlatform.Fakes: Failed to load assembly.
TpTrace Information: 0 : 14292, 1, 2023/08/08, 03:18:19.337, 2637887413209, vstest.console.dll, Failed to load assembly Microsoft.VisualStudio.TestPlatform.Fakes, Version=17.0.0.0, Culture=neutral. Reason:System.IO.FileNotFoundException: Could not load file or assembly 'Microsoft.VisualStudio.TestPlatform.Fakes, Version=17.0.0.0, Culture=neutral, PublicKeyToken=null'. The system cannot find the file specified.
File name: 'Microsoft.VisualStudio.TestPlatform.Fakes, Version=17.0.0.0, Culture=neutral, PublicKeyToken=null'
   at System.Reflection.RuntimeAssembly.InternalLoad(AssemblyName assemblyName, StackCrawlMark& stackMark, AssemblyLoadContext assemblyLoadContext, RuntimeAssembly requestingAssembly, Boolean throwOnFileNotFound)
   at System.Reflection.Assembly.Load(AssemblyName assemblyRef)
   at Microsoft.VisualStudio.TestPlatform.Common.Utilities.FakesUtilities.LoadTestPlatformAssembly()
TpTrace Verbose: 0 : 14292, 1, 2023/08/08, 03:18:19.340, 2637887447287, vstest.console.dll, TestPluginCache.DiscoverTestExtensions: finding test extensions in assemblies ends with: TestLogger.dll TPluginInfo: Microsoft.VisualStudio.TestPlatform.Common.ExtensionFramework.Utilities.TestLoggerPluginInformation TExtension: Microsoft.VisualStudio.TestPlatform.ObjectModel.Client.ITestLogger
TpTrace Verbose: 0 : 14292, 1, 2023/08/08, 03:18:19.340, 2637887448274, vstest.console.dll, TestPluginCache.GetExtensionPaths: Filtered extension paths: 
TpTrace Verbose: 0 : 14292, 1, 2023/08/08, 03:18:19.340, 2637887448502, vstest.console.dll, TestPluginCache.GetExtensionPaths: Added default extension paths: C:\Program Files\dotnet\sdk\7.0.203\Extensions\Microsoft.Diagnostics.NETCore.Client.dll
C:\Program Files\dotnet\sdk\7.0.203\Extensions\Microsoft.TestPlatform.Extensions.BlameDataCollector.dll
C:\Program Files\dotnet\sdk\7.0.203\Extensions\Microsoft.TestPlatform.Extensions.EventLogCollector.dll
C:\Program Files\dotnet\sdk\7.0.203\Extensions\Microsoft.TestPlatform.TestHostRuntimeProvider.dll
C:\Program Files\dotnet\sdk\7.0.203\Extensions\Microsoft.VisualStudio.TestPlatform.Extensions.Html.TestLogger.dll
C:\Program Files\dotnet\sdk\7.0.203\Extensions\Microsoft.VisualStudio.TestPlatform.Extensions.Trx.TestLogger.dll
TpTrace Verbose: 0 : 14292, 1, 2023/08/08, 03:18:19.340, 2637887448679, vstest.console.dll, TestPluginCache.GetExtensionPaths: Added unfilterableExtensionPaths: 
TpTrace Information: 0 : 14292, 1, 2023/08/08, 03:18:19.341, 2637887449580, vstest.console.dll, AssemblyResolver.AddSearchDirectories: Adding more searchDirectories C:\Program Files\dotnet\sdk\7.0.203\Extensions,C:\Program Files\dotnet\sdk\7.0.203
TpTrace Verbose: 0 : 14292, 1, 2023/08/08, 03:18:19.341, 2637887449853, vstest.console.dll, TestPluginCache.DiscoverTestExtensions: Discovering the extensions using extension path.
TpTrace Verbose: 0 : 14292, 1, 2023/08/08, 03:18:19.341, 2637887450034, vstest.console.dll, TestPluginCache.GetExtensionPaths: Filtered extension paths: 
TpTrace Verbose: 0 : 14292, 1, 2023/08/08, 03:18:19.341, 2637887450211, vstest.console.dll, TestPluginCache.GetExtensionPaths: Added default extension paths: C:\Program Files\dotnet\sdk\7.0.203\Extensions\Microsoft.Diagnostics.NETCore.Client.dll
C:\Program Files\dotnet\sdk\7.0.203\Extensions\Microsoft.TestPlatform.Extensions.BlameDataCollector.dll
C:\Program Files\dotnet\sdk\7.0.203\Extensions\Microsoft.TestPlatform.Extensions.EventLogCollector.dll
C:\Program Files\dotnet\sdk\7.0.203\Extensions\Microsoft.TestPlatform.TestHostRuntimeProvider.dll
C:\Program Files\dotnet\sdk\7.0.203\Extensions\Microsoft.VisualStudio.TestPlatform.Extensions.Html.TestLogger.dll
C:\Program Files\dotnet\sdk\7.0.203\Extensions\Microsoft.VisualStudio.TestPlatform.Extensions.Trx.TestLogger.dll
TpTrace Verbose: 0 : 14292, 1, 2023/08/08, 03:18:19.341, 2637887450357, vstest.console.dll, TestPluginCache.GetExtensionPaths: Added unfilterableExtensionPaths: 
TpTrace Verbose: 0 : 14292, 1, 2023/08/08, 03:18:19.341, 2637887450536, vstest.console.dll, TestPluginCache.DiscoverTestExtensions: Discovering the extensions using allExtensionPaths: C:\Program Files\dotnet\sdk\7.0.203\Extensions\Microsoft.Diagnostics.NETCore.Client.dll
C:\Program Files\dotnet\sdk\7.0.203\Extensions\Microsoft.TestPlatform.Extensions.BlameDataCollector.dll
C:\Program Files\dotnet\sdk\7.0.203\Extensions\Microsoft.TestPlatform.Extensions.EventLogCollector.dll
C:\Program Files\dotnet\sdk\7.0.203\Extensions\Microsoft.TestPlatform.TestHostRuntimeProvider.dll
C:\Program Files\dotnet\sdk\7.0.203\Extensions\Microsoft.VisualStudio.TestPlatform.Extensions.Html.TestLogger.dll
C:\Program Files\dotnet\sdk\7.0.203\Extensions\Microsoft.VisualStudio.TestPlatform.Extensions.Trx.TestLogger.dll
TpTrace Information: 0 : 14292, 1, 2023/08/08, 03:18:19.341, 2637887451122, vstest.console.dll, AssemblyResolver.AddSearchDirectories: Adding more searchDirectories C:\Program Files\dotnet\sdk\7.0.203\Extensions,C:\Program Files\dotnet\sdk\7.0.203
TpTrace Information: 0 : 14292, 1, 2023/08/08, 03:18:19.341, 2637887451363, vstest.console.dll, AssemblyResolver.AddSearchDirectories: Adding more searchDirectories C:\Program Files\dotnet\sdk\7.0.203\Extensions,C:\Program Files\dotnet\sdk\7.0.203
TpTrace Information: 0 : 14292, 1, 2023/08/08, 03:18:19.341, 2637887451519, vstest.console.dll, AssemblyResolver.AddSearchDirectories: Adding more searchDirectories C:\Program Files\dotnet\sdk\7.0.203\Extensions,C:\Program Files\dotnet\sdk\7.0.203
TpTrace Information: 0 : 14292, 1, 2023/08/08, 03:18:19.341, 2637887451667, vstest.console.dll, AssemblyResolver.AddSearchDirectories: Adding more searchDirectories C:\Program Files\dotnet\sdk\7.0.203\Extensions,C:\Program Files\dotnet\sdk\7.0.203
TpTrace Information: 0 : 14292, 1, 2023/08/08, 03:18:19.341, 2637887451832, vstest.console.dll, AssemblyResolver.AddSearchDirectories: Adding more searchDirectories C:\Program Files\dotnet\sdk\7.0.203\Extensions,C:\Program Files\dotnet\sdk\7.0.203
TpTrace Information: 0 : 14292, 1, 2023/08/08, 03:18:19.341, 2637887451983, vstest.console.dll, AssemblyResolver.AddSearchDirectories: Adding more searchDirectories C:\Program Files\dotnet\sdk\7.0.203\Extensions,C:\Program Files\dotnet\sdk\7.0.203
TpTrace Verbose: 0 : 14292, 1, 2023/08/08, 03:18:19.341, 2637887452771, vstest.console.dll, MetadataReaderExtensionsHelper: Discovering extensions inside assembly 'Microsoft.Diagnostics.NETCore.Client, Version=0.2.6.42401, Culture=neutral, PublicKeyToken=31bf3856ad364e35' file path 'C:\Program Files\dotnet\sdk\7.0.203\Extensions\Microsoft.Diagnostics.NETCore.Client.dll'
TpTrace Information: 0 : 14292, 1, 2023/08/08, 03:18:19.341, 2637887457873, vstest.console.dll, AssemblyResolver.OnResolve: Microsoft.Bcl.AsyncInterfaces: Resolving assembly.
TpTrace Information: 0 : 14292, 1, 2023/08/08, 03:18:19.341, 2637887458343, vstest.console.dll, AssemblyResolver.OnResolve: Microsoft.Bcl.AsyncInterfaces: Resolved from cache.
TpTrace Verbose: 0 : 14292, 1, 2023/08/08, 03:18:19.341, 2637887458507, vstest.console.dll, CurrentDomainAssemblyResolve: Resolving assembly 'Microsoft.Bcl.AsyncInterfaces'.
TpTrace Information: 0 : 14292, 1, 2023/08/08, 03:18:19.342, 2637887458809, vstest.console.dll, AssemblyResolver.OnResolve: Microsoft.Bcl.AsyncInterfaces: Resolving assembly.
TpTrace Information: 0 : 14292, 1, 2023/08/08, 03:18:19.342, 2637887458957, vstest.console.dll, AssemblyResolver.OnResolve: Microsoft.Bcl.AsyncInterfaces: Resolved from cache.
TpTrace Verbose: 0 : 14292, 1, 2023/08/08, 03:18:19.342, 2637887459092, vstest.console.dll, CurrentDomainAssemblyResolve: Resolving assembly 'Microsoft.Bcl.AsyncInterfaces'.
TpTrace Verbose: 0 : 14292, 1, 2023/08/08, 03:18:19.342, 2637887459221, vstest.console.dll, CurrentDomainAssemblyResolve: Failed to resolve assembly 'Microsoft.Bcl.AsyncInterfaces'.
TpTrace Verbose: 0 : 14292, 1, 2023/08/08, 03:18:19.342, 2637887460356, vstest.console.dll, CurrentDomainAssemblyResolve: Failed to resolve assembly 'Microsoft.Bcl.AsyncInterfaces'.
TpTrace Warning: 0 : 14292, 1, 2023/08/08, 03:18:19.342, 2637887462722, vstest.console.dll, TestPluginDiscoverer: Failed to get types from assembly 'Microsoft.Diagnostics.NETCore.Client, Version=0.2.6.42401, Culture=neutral, PublicKeyToken=31bf3856ad364e35'. Error: System.Reflection.ReflectionTypeLoadException: Unable to load one or more of the requested types.
Could not load file or assembly 'Microsoft.Bcl.AsyncInterfaces, Version=1.0.0.0, Culture=neutral, PublicKeyToken=cc7b13ffcd2ddd51'. The system cannot find the file specified.
   at System.Reflection.RuntimeModule.GetTypes(RuntimeModule module)
   at System.Reflection.Assembly.GetTypes()
   at Microsoft.VisualStudio.TestPlatform.Common.ExtensionFramework.TestPluginDiscoverer.GetTestExtensionsFromAssembly[TPluginInfo,TExtension](Assembly assembly, Dictionary`2 pluginInfos, String filePath)
System.IO.FileNotFoundException: Could not load file or assembly 'Microsoft.Bcl.AsyncInterfaces, Version=1.0.0.0, Culture=neutral, PublicKeyToken=cc7b13ffcd2ddd51'. The system cannot find the file specified.
File name: 'Microsoft.Bcl.AsyncInterfaces, Version=1.0.0.0, Culture=neutral, PublicKeyToken=cc7b13ffcd2ddd51'
 ---> System.IO.FileNotFoundException: Could not load file or assembly 'Microsoft.Bcl.AsyncInterfaces, Culture=neutral, PublicKeyToken=null'. The system cannot find the file specified.
File name: 'Microsoft.Bcl.AsyncInterfaces, Culture=neutral, PublicKeyToken=null'
   at System.Reflection.RuntimeAssembly.InternalLoad(AssemblyName assemblyName, StackCrawlMark& stackMark, AssemblyLoadContext assemblyLoadContext, RuntimeAssembly requestingAssembly, Boolean throwOnFileNotFound)
   at System.Reflection.Assembly.Load(AssemblyName assemblyRef)
   at Microsoft.VisualStudio.TestPlatform.Common.ExtensionFramework.TestPluginCache.CurrentDomainAssemblyResolve(Object sender, AssemblyResolveEventArgs args)
   at System.Runtime.Loader.AssemblyLoadContext.GetFirstResolvedAssemblyFromResolvingEvent(AssemblyName assemblyName)
   at System.Runtime.Loader.AssemblyLoadContext.ResolveUsingEvent(AssemblyName assemblyName)
   at System.Runtime.Loader.AssemblyLoadContext.ResolveUsingResolvingEvent(IntPtr gchManagedAssemblyLoadContext, AssemblyName assemblyName)
TpTrace Warning: 0 : 14292, 1, 2023/08/08, 03:18:19.342, 2637887463737, vstest.console.dll, LoaderExceptions: System.IO.FileNotFoundException: Could not load file or assembly 'Microsoft.Bcl.AsyncInterfaces, Version=1.0.0.0, Culture=neutral, PublicKeyToken=cc7b13ffcd2ddd51'. The system cannot find the file specified.
File name: 'Microsoft.Bcl.AsyncInterfaces, Version=1.0.0.0, Culture=neutral, PublicKeyToken=cc7b13ffcd2ddd51'
 ---> System.IO.FileNotFoundException: Could not load file or assembly 'Microsoft.Bcl.AsyncInterfaces, Culture=neutral, PublicKeyToken=null'. The system cannot find the file specified.
File name: 'Microsoft.Bcl.AsyncInterfaces, Culture=neutral, PublicKeyToken=null'
   at System.Reflection.RuntimeAssembly.InternalLoad(AssemblyName assemblyName, StackCrawlMark& stackMark, AssemblyLoadContext assemblyLoadContext, RuntimeAssembly requestingAssembly, Boolean throwOnFileNotFound)
   at System.Reflection.Assembly.Load(AssemblyName assemblyRef)
   at Microsoft.VisualStudio.TestPlatform.Common.ExtensionFramework.TestPluginCache.CurrentDomainAssemblyResolve(Object sender, AssemblyResolveEventArgs args)
   at System.Runtime.Loader.AssemblyLoadContext.GetFirstResolvedAssemblyFromResolvingEvent(AssemblyName assemblyName)
   at System.Runtime.Loader.AssemblyLoadContext.ResolveUsingEvent(AssemblyName assemblyName)
   at System.Runtime.Loader.AssemblyLoadContext.ResolveUsingResolvingEvent(IntPtr gchManagedAssemblyLoadContext, AssemblyName assemblyName)
TpTrace Verbose: 0 : 14292, 1, 2023/08/08, 03:18:19.342, 2637887464230, vstest.console.dll, MetadataReaderExtensionsHelper: Discovering extensions inside assembly 'Microsoft.TestPlatform.Extensions.BlameDataCollector, Version=15.0.0.0, Culture=neutral, PublicKeyToken=b03f5f7f11d50a3a' file path 'C:\Program Files\dotnet\sdk\7.0.203\Extensions\Microsoft.TestPlatform.Extensions.BlameDataCollector.dll'
TpTrace Information: 0 : 14292, 1, 2023/08/08, 03:18:19.342, 2637887467358, vstest.console.dll, GetTestExtensionFromType: Register extension with identifier data 'logger://Microsoft/TestPlatform/Extensions/Blame/v1' and type 'Microsoft.TestPlatform.Extensions.BlameDataCollector.BlameLogger, Microsoft.TestPlatform.Extensions.BlameDataCollector, Version=15.0.0.0, Culture=neutral, PublicKeyToken=b03f5f7f11d50a3a' inside file 'C:\Program Files\dotnet\sdk\7.0.203\Extensions\Microsoft.TestPlatform.Extensions.BlameDataCollector.dll'
TpTrace Verbose: 0 : 14292, 1, 2023/08/08, 03:18:19.342, 2637887467850, vstest.console.dll, MetadataReaderExtensionsHelper: Discovering extensions inside assembly 'Microsoft.TestPlatform.Extensions.EventLogCollector, Version=15.0.0.0, Culture=neutral, PublicKeyToken=b03f5f7f11d50a3a' file path 'C:\Program Files\dotnet\sdk\7.0.203\Extensions\Microsoft.TestPlatform.Extensions.EventLogCollector.dll'
TpTrace Verbose: 0 : 14292, 1, 2023/08/08, 03:18:19.343, 2637887469523, vstest.console.dll, MetadataReaderExtensionsHelper: Discovering extensions inside assembly 'Microsoft.TestPlatform.TestHostRuntimeProvider, Version=15.0.0.0, Culture=neutral, PublicKeyToken=b03f5f7f11d50a3a' file path 'C:\Program Files\dotnet\sdk\7.0.203\Extensions\Microsoft.TestPlatform.TestHostRuntimeProvider.dll'
TpTrace Verbose: 0 : 14292, 1, 2023/08/08, 03:18:19.343, 2637887471186, vstest.console.dll, MetadataReaderExtensionsHelper: Discovering extensions inside assembly 'Microsoft.VisualStudio.TestPlatform.Extensions.Html.TestLogger, Version=15.0.0.0, Culture=neutral, PublicKeyToken=b03f5f7f11d50a3a' file path 'C:\Program Files\dotnet\sdk\7.0.203\Extensions\Microsoft.VisualStudio.TestPlatform.Extensions.Html.TestLogger.dll'
TpTrace Information: 0 : 14292, 1, 2023/08/08, 03:18:19.343, 2637887474330, vstest.console.dll, GetTestExtensionFromType: Register extension with identifier data 'logger://Microsoft/TestPlatform/HtmlLogger/v1' and type 'Microsoft.VisualStudio.TestPlatform.Extensions.HtmlLogger.HtmlLogger, Microsoft.VisualStudio.TestPlatform.Extensions.Html.TestLogger, Version=15.0.0.0, Culture=neutral, PublicKeyToken=b03f5f7f11d50a3a' inside file 'C:\Program Files\dotnet\sdk\7.0.203\Extensions\Microsoft.VisualStudio.TestPlatform.Extensions.Html.TestLogger.dll'
TpTrace Verbose: 0 : 14292, 1, 2023/08/08, 03:18:19.343, 2637887474940, vstest.console.dll, MetadataReaderExtensionsHelper: Discovering extensions inside assembly 'Microsoft.VisualStudio.TestPlatform.Extensions.Trx.TestLogger, Version=15.0.0.0, Culture=neutral, PublicKeyToken=b03f5f7f11d50a3a' file path 'C:\Program Files\dotnet\sdk\7.0.203\Extensions\Microsoft.VisualStudio.TestPlatform.Extensions.Trx.TestLogger.dll'
TpTrace Information: 0 : 14292, 1, 2023/08/08, 03:18:19.343, 2637887477023, vstest.console.dll, GetTestExtensionFromType: Register extension with identifier data 'logger://Microsoft/TestPlatform/TrxLogger/v1' and type 'Microsoft.VisualStudio.TestPlatform.Extensions.TrxLogger.TrxLogger, Microsoft.VisualStudio.TestPlatform.Extensions.Trx.TestLogger, Version=15.0.0.0, Culture=neutral, PublicKeyToken=b03f5f7f11d50a3a' inside file 'C:\Program Files\dotnet\sdk\7.0.203\Extensions\Microsoft.VisualStudio.TestPlatform.Extensions.Trx.TestLogger.dll'
TpTrace Verbose: 0 : 14292, 1, 2023/08/08, 03:18:19.343, 2637887477540, vstest.console.dll, TestPluginCache: Discovered the extensions using extension path ''.
TpTrace Verbose: 0 : 14292, 1, 2023/08/08, 03:18:19.343, 2637887477708, vstest.console.dll, TestPluginCache: Discoverers are ''.
TpTrace Verbose: 0 : 14292, 1, 2023/08/08, 03:18:19.343, 2637887477838, vstest.console.dll, TestPluginCache: Executors are ''.
TpTrace Verbose: 0 : 14292, 1, 2023/08/08, 03:18:19.343, 2637887477962, vstest.console.dll, TestPluginCache: Executors2 are ''.
TpTrace Verbose: 0 : 14292, 1, 2023/08/08, 03:18:19.343, 2637887478084, vstest.console.dll, TestPluginCache: Setting providers are ''.
TpTrace Verbose: 0 : 14292, 1, 2023/08/08, 03:18:19.343, 2637887478503, vstest.console.dll, TestPluginCache: Loggers are 'logger://Microsoft/TestPlatform/Extensions/Blame/v1,logger://Microsoft/TestPlatform/HtmlLogger/v1,logger://Microsoft/TestPlatform/TrxLogger/v1'.
TpTrace Verbose: 0 : 14292, 1, 2023/08/08, 03:18:19.344, 2637887478730, vstest.console.dll, TestPluginCache: TestHosts are 'HostProvider://DefaultTestHost,HostProvider://DotnetTestHost'.
TpTrace Verbose: 0 : 14292, 1, 2023/08/08, 03:18:19.344, 2637887478868, vstest.console.dll, TestPluginCache: DataCollectors are ''.
TpTrace Information: 0 : 14292, 1, 2023/08/08, 03:18:19.344, 2637887485096, vstest.console.dll, TestPluginManager.CreateTestExtension: Attempting to load test extension: Microsoft.TestPlatform.Extensions.BlameDataCollector.BlameLogger
TpTrace Verbose: 0 : 14292, 1, 2023/08/08, 03:18:19.351, 2637887550712, vstest.console.dll, TestEngine: Initializing Parallel Execution as MaxCpuCount is set to: 1
TpTrace Information: 0 : 14292, 1, 2023/08/08, 03:18:19.352, 2637887564032, vstest.console.dll, TestPluginManager.CreateTestExtension: Attempting to load test extension: Microsoft.VisualStudio.TestPlatform.CrossPlatEngine.Hosting.DefaultTestHostManager
TpTrace Information: 0 : 14292, 1, 2023/08/08, 03:18:19.352, 2637887568353, vstest.console.dll, TestPluginManager.CreateTestExtension: Attempting to load test extension: Microsoft.VisualStudio.TestPlatform.CrossPlatEngine.Hosting.DotnetTestHostManager
TpTrace Information: 0 : 14292, 1, 2023/08/08, 03:18:19.353, 2637887572802, vstest.console.dll, InferRunSettingsHelper.IsTestSettingsEnabled: Unable to navigate to RunSettings/MSTest. Current node: RunSettings
TpTrace Verbose: 0 : 14292, 1, 2023/08/08, 03:18:19.356, 2637887603094, vstest.console.dll, TestEngine.GetExecutionManager: Chosen execution manager 'Microsoft.VisualStudio.TestPlatform.CrossPlatEngine.Client.Parallel.ParallelProxyExecutionManager, Microsoft.TestPlatform.CrossPlatEngine, Version=15.0.0.0, Culture=neutral, PublicKeyToken=b03f5f7f11d50a3a' ParallelLevel '1'.
TpTrace Verbose: 0 : 14292, 1, 2023/08/08, 03:18:19.356, 2637887604137, vstest.console.dll, TestRunRequest.ExecuteAsync: Creating test run request.
TpTrace Verbose: 0 : 14292, 1, 2023/08/08, 03:18:19.356, 2637887605638, vstest.console.dll, TestRunRequest.ExecuteAsync: Starting.
TpTrace Information: 0 : 14292, 1, 2023/08/08, 03:18:19.356, 2637887607373, vstest.console.dll, TestRunRequest.ExecuteAsync: Starting run with settings:TestRunCriteria:
   KeepAlive=False,FrequencyOfRunStatsChangeEvent=10,RunStatsChangeEventTimeout=00:00:01.5000000,TestCaseFilter=,TestExecutorLauncher=
   Settingsxml=<RunSettings>
  <RunConfiguration>
    <ResultsDirectory>D:\TourWebsite\backend\TourApp\Package_Test\bin\Debug\net6.0\fine-code-coverage\coverage-tool-output</ResultsDirectory>
    <TargetPlatform>X64</TargetPlatform>
    <TargetFrameworkVersion>.NETCoreApp,Version=v6.0</TargetFrameworkVersion>
    <DesignMode>False</DesignMode>
    <CollectSourceInformation>False</CollectSourceInformation>
  </RunConfiguration>
  <LoggerRunSettings>
    <Loggers>
      <Logger friendlyName="blame" enabled="True" />
      <Logger friendlyName="Console" uri="logger://microsoft/TestPlatform/ConsoleLogger/v1" assemblyQualifiedName="Microsoft.VisualStudio.TestPlatform.CommandLine.Internal.ConsoleLogger, vstest.console, Version=15.0.0.0, Culture=neutral, PublicKeyToken=b03f5f7f11d50a3a" codeBase="C:\Program Files\dotnet\sdk\7.0.203\vstest.console.dll" enabled="True" />
    </Loggers>
  </LoggerRunSettings>
  <DataCollectionRunSettings>
    <DataCollectors>
      <DataCollector friendlyName="blame" enabled="True">
        <Configuration>
          <ResultsDirectory>D:\TourWebsite\backend\TourApp\Package_Test\bin\Debug\net6.0\fine-code-coverage\coverage-tool-output</ResultsDirectory>
        </Configuration>
      </DataCollector>
    </DataCollectors>
  </DataCollectionRunSettings>
</RunSettings>

TpTrace Verbose: 0 : 14292, 1, 2023/08/08, 03:18:19.356, 2637887607689, vstest.console.dll, TestRunRequest.ExecuteAsync: Wait for the first run request is over.
TpTrace Verbose: 0 : 14292, 1, 2023/08/08, 03:18:19.357, 2637887609517, vstest.console.dll, MulticastDelegateUtilities.SafeInvoke: TestRun.TestRunStart: Invoking callbacks was skipped because there are no subscribers.
TpTrace Verbose: 0 : 14292, 4, 2023/08/08, 03:18:19.357, 2637887612153, vstest.console.dll, MulticastDelegateUtilities.SafeInvoke: InternalTestLoggerEvents.SendTestRunStart: Invoking callback 1/1 for Microsoft.VisualStudio.TestPlatform.CommandLine.Internal.ConsoleLogger., took 0 ms.
TpTrace Verbose: 0 : 14292, 1, 2023/08/08, 03:18:19.357, 2637887617886, vstest.console.dll, ParallelProxyExecutionManager: Start execution. Total sources: 1
TpTrace Verbose: 0 : 14292, 1, 2023/08/08, 03:18:19.358, 2637887627554, vstest.console.dll, TestRequestSender is acting as server.
TpTrace Verbose: 0 : 14292, 1, 2023/08/08, 03:18:19.359, 2637887637893, vstest.console.dll, DataCollectionRequestSender.InitializeCommunication : Initialize communication. 
TpTrace Information: 0 : 14292, 1, 2023/08/08, 03:18:19.365, 2637887697462, vstest.console.dll, Listening on Endpoint : 127.0.0.1:47185
TpTrace Verbose: 0 : 14292, 1, 2023/08/08, 03:18:19.374, 2637887780066, vstest.console.dll, DotnetDataCollectionLauncher: Adding  --runtimeconfig "C:\Program Files\dotnet\sdk\7.0.203\datacollector.runtimeconfig.json" in args
TpTrace Verbose: 0 : 14292, 1, 2023/08/08, 03:18:19.383, 2637887876689, vstest.console.dll, DotnetDataCollectionLauncher: Adding  --depsfile "C:\Program Files\dotnet\sdk\7.0.203\datacollector.deps.json" in args
TpTrace Verbose: 0 : 14292, 1, 2023/08/08, 03:18:19.383, 2637887877954, vstest.console.dll, DotnetDataCollectionLauncher: Full path of dotnet.exe is C:\Program Files\dotnet\dotnet.exe
TpTrace Information: 0 : 14292, 1, 2023/08/08, 03:18:19.428, 2637888321564, vstest.console.dll, ProxyDataCollectionManager.Initialize: Launched datacollector processId: 23896 port: 47185
TpTrace Information: 0 : 14292, 1, 2023/08/08, 03:18:19.428, 2637888323598, vstest.console.dll, ProxyDataCollectionManager.Initialize: waiting for connection with timeout: 90 seconds
TpTrace Verbose: 0 : 14292, 1, 2023/08/08, 03:18:19.428, 2637888324232, vstest.console.dll, DataCollectionRequestSender.WaitForRequestHandlerConnection : Waiting for connection with timeout: 90000
TpTrace Information: 0 : 14292, 7, 2023/08/08, 03:18:19.643, 2637890474680, vstest.console.dll, Using the buffer size of 16384 bytes
TpTrace Verbose: 0 : 14292, 1, 2023/08/08, 03:18:19.643, 2637890474907, vstest.console.dll, SocketCommunicationManager.WaitForClientConnection took: 215 ms, with 90000 ms timeout, and finished with True.
TpTrace Information: 0 : 14292, 7, 2023/08/08, 03:18:19.643, 2637890475977, vstest.console.dll, Accepted Client request and set the flag
TpTrace Verbose: 0 : 14292, 1, 2023/08/08, 03:18:19.643, 2637890477063, vstest.console.dll, ProxyDataCollectionManager.InvokeDataCollectionServiceAction: Starting.
TpTrace Information: 0 : 14292, 1, 2023/08/08, 03:18:19.643, 2637890478138, vstest.console.dll, ProxyDataCollectionManager.BeforeTestRunStart: Get environment variable and port for datacollector processId: 23896 port: 47185
TpTrace Verbose: 0 : 14292, 1, 2023/08/08, 03:18:19.644, 2637890479337, vstest.console.dll, DataCollectionRequestSender.SendBeforeTestRunStartAndGetResult: Send BeforeTestRunStart message with settingsXml <RunSettings><RunConfiguration><ResultsDirectory>D:\TourWebsite\backend\TourApp\Package_Test\bin\Debug\net6.0\fine-code-coverage\coverage-tool-output</ResultsDirectory><TargetPlatform>X64</TargetPlatform><TargetFrameworkVersion>.NETCoreApp,Version=v6.0</TargetFrameworkVersion><DesignMode>False</DesignMode><CollectSourceInformation>False</CollectSourceInformation><TestAdaptersPaths>C:\Program Files\dotnet\sdk\7.0.203\Extensions</TestAdaptersPaths></RunConfiguration><LoggerRunSettings><Loggers><Logger friendlyName="blame" enabled="True" /><Logger friendlyName="Console" uri="logger://microsoft/TestPlatform/ConsoleLogger/v1" assemblyQualifiedName="Microsoft.VisualStudio.TestPlatform.CommandLine.Internal.ConsoleLogger, vstest.console, Version=15.0.0.0, Culture=neutral, PublicKeyToken=b03f5f7f11d50a3a" codeBase="C:\Program Files\dotnet\sdk\7.0.203\vstest.console.dll" enabled="True" /></Loggers></LoggerRunSettings><DataCollectionRunSettings><DataCollectors><DataCollector friendlyName="blame" enabled="True"><Configuration><ResultsDirectory>D:\TourWebsite\backend\TourApp\Package_Test\bin\Debug\net6.0\fine-code-coverage\coverage-tool-output</ResultsDirectory></Configuration></DataCollector></DataCollectors></DataCollectionRunSettings></RunSettings> and sources System.Collections.Generic.List`1[System.String]: 
TpTrace Verbose: 0 : 14292, 1, 2023/08/08, 03:18:19.741, 2637891454080, vstest.console.dll, DataCollectionRequestSender.SendBeforeTestRunStartAndGetResult: Received message: (DataCollection.SendMessage) -> {"MessageType":"DataCollection.SendMessage","Payload":{"FriendlyName":null,"Uri":null,"TestCaseId":"00000000-0000-0000-0000-000000000000","Message":"Logging DataCollector Diagnostics in file: D:\\TourWebsite\\backend\\TourApp\\Package_Test\\bin\\Debug\\net6.0\\fine-code-coverage\\coverage-tool-output\\diagnostics.datacollector.23-08-08_03-18-19_37387_1.log","Level":0}}
TpTrace Verbose: 0 : 14292, 1, 2023/08/08, 03:18:19.975, 2637893792836, vstest.console.dll, DataCollectionRequestSender.SendBeforeTestRunStartAndGetResult: Received message: (DataCollection.BeforeTestRunStartResult) -> {"MessageType":"DataCollection.BeforeTestRunStartResult","Payload":{"EnvironmentVariables":{},"DataCollectionEventsPort":47187}}
TpTrace Information: 0 : 14292, 1, 2023/08/08, 03:18:19.980, 2637893843574, vstest.console.dll, ProxyDataCollectionManager.BeforeTestRunStart: SendBeforeTestRunStartAndGetResult successful, env variable from datacollector:   and testhost port: 47187
TpTrace Information: 0 : 14292, 1, 2023/08/08, 03:18:19.980, 2637893844502, vstest.console.dll, ProxyDataCollectionManager.InvokeDataCollectionServiceAction: Completed.
TpTrace Verbose: 0 : 14292, 1, 2023/08/08, 03:18:19.980, 2637893845460, vstest.console.dll, ProxyParallelExecutionManager: No sources available for execution.
TpTrace Information: 0 : 14292, 1, 2023/08/08, 03:18:19.980, 2637893845818, vstest.console.dll, TestRunRequest.ExecuteAsync: Started.
TpTrace Verbose: 0 : 14292, 1, 2023/08/08, 03:18:19.980, 2637893846585, vstest.console.dll, TestRunRequest.WaitForCompletion: Waiting with timeout -1.
TpTrace Verbose: 0 : 14292, 7, 2023/08/08, 03:18:19.980, 2637893846510, vstest.console.dll, ParallelProxyExecutionManager: Execution started. Started clients: 1
TpTrace Verbose: 0 : 14292, 7, 2023/08/08, 03:18:19.980, 2637893848710, vstest.console.dll, TestRunRequest:SendTestRunMessage: Starting.
TpTrace Verbose: 0 : 14292, 7, 2023/08/08, 03:18:19.981, 2637893849929, vstest.console.dll, MulticastDelegateUtilities.SafeInvoke: TestRun.LogMessages: Invoking callback 1/1 for Microsoft.VisualStudio.TestPlatform.CommandLine.TestRunResultAggregator., took 0 ms.
TpTrace Information: 0 : 14292, 7, 2023/08/08, 03:18:19.981, 2637893850212, vstest.console.dll, TestRunRequest:SendTestRunMessage: Completed.
TpTrace Verbose: 0 : 14292, 7, 2023/08/08, 03:18:19.981, 2637893851306, vstest.console.dll, ProxyExecutionManager: Test host is always Lazy initialize.
TpTrace Verbose: 0 : 14292, 4, 2023/08/08, 03:18:19.981, 2637893852007, vstest.console.dll, MulticastDelegateUtilities.SafeInvoke: InternalTestLoggerEvents.SendTestRunMessage: Invoking callback 1/1 for Microsoft.VisualStudio.TestPlatform.CommandLine.Internal.ConsoleLogger., took 0 ms.
TpTrace Verbose: 0 : 14292, 7, 2023/08/08, 03:18:19.981, 2637893853183, vstest.console.dll, TestRequestSender.InitializeCommunication: initialize communication. 
TpTrace Information: 0 : 14292, 7, 2023/08/08, 03:18:19.981, 2637893856782, vstest.console.dll, SocketServer.Start: Listening on endpoint : 127.0.0.1:47188
TpTrace Verbose: 0 : 14292, 7, 2023/08/08, 03:18:19.982, 2637893862498, vstest.console.dll, DotnetTestHostmanager.GetTestHostProcessStartInfo: Platform environment 'X64' target architecture 'X64' framework '.NETCoreApp,Version=v6.0' OS 'Windows'
TpTrace Verbose: 0 : 14292, 7, 2023/08/08, 03:18:19.982, 2637893863583, vstest.console.dll, DotnetTestHostmanager: Adding  --runtimeconfig "D:\TourWebsite\backend\TourApp\Package_Test\bin\Debug\net6.0\fine-code-coverage\build-output\Package_Test.runtimeconfig.json" in args
TpTrace Verbose: 0 : 14292, 7, 2023/08/08, 03:18:19.982, 2637893863859, vstest.console.dll, DotnetTestHostmanager: Adding  --depsfile "D:\TourWebsite\backend\TourApp\Package_Test\bin\Debug\net6.0\fine-code-coverage\build-output\Package_Test.deps.json" in args
TpTrace Verbose: 0 : 14292, 7, 2023/08/08, 03:18:19.982, 2637893865438, vstest.console.dll, DotnetTestHostmanager.IsWinOnArm: Current PROCESSOR_ARCHITECTURE from environment variable 'AMD64'
TpTrace Verbose: 0 : 14292, 7, 2023/08/08, 03:18:19.982, 2637893865835, vstest.console.dll, DotnetTestHostmanager.IsWinOnArm: Is Windows on ARM 'False'
TpTrace Verbose: 0 : 14292, 7, 2023/08/08, 03:18:19.982, 2637893866135, vstest.console.dll, DotnetTestHostManager: testhost.exe found at path: D:\TourWebsite\backend\TourApp\Package_Test\bin\Debug\net6.0\fine-code-coverage\build-output\testhost.exe
TpTrace Verbose: 0 : 14292, 7, 2023/08/08, 03:18:19.982, 2637893866332, vstest.console.dll, DotnetTestHostmanager: Full path of host exe is D:\TourWebsite\backend\TourApp\Package_Test\bin\Debug\net6.0\fine-code-coverage\build-output\testhost.exe
TpTrace Verbose: 0 : 14292, 7, 2023/08/08, 03:18:19.982, 2637893867114, vstest.console.dll, DotnetTestHostmanager.LaunchTestHostAsync: Found 'VSTEST_WINAPPHOST_DOTNET_ROOT' in env variables, value 'C:\Program Files\dotnet', forwarding to 'DOTNET_ROOT'
TpTrace Verbose: 0 : 14292, 7, 2023/08/08, 03:18:19.982, 2637893868216, vstest.console.dll, DotnetTestHostManager: Starting process 'D:\TourWebsite\backend\TourApp\Package_Test\bin\Debug\net6.0\fine-code-coverage\build-output\testhost.exe' with command line ' --runtimeconfig "D:\TourWebsite\backend\TourApp\Package_Test\bin\Debug\net6.0\fine-code-coverage\build-output\Package_Test.runtimeconfig.json" --depsfile "D:\TourWebsite\backend\TourApp\Package_Test\bin\Debug\net6.0\fine-code-coverage\build-output\Package_Test.deps.json" --port 47188 --endpoint 127.0.0.1:047188 --role client --parentprocessid 14292 --diag "D:\TourWebsite\backend\TourApp\Package_Test\bin\Debug\net6.0\fine-code-coverage\coverage-tool-output\diagnostics.host.23-08-08_03-18-19_98206_7.log" --tracelevel 4 --datacollectionport 47187 --telemetryoptedin false'
TpTrace Verbose: 0 : 14292, 7, 2023/08/08, 03:18:20.034, 2637894385367, vstest.console.dll, MulticastDelegateUtilities.SafeInvoke: HostProviderEvents.OnHostLaunched: Invoking callback 1/2 for Microsoft.VisualStudio.TestPlatform.CrossPlatEngine.Client.ProxyExecutionManagerWithDataCollection., took 1 ms.
TpTrace Verbose: 0 : 14292, 7, 2023/08/08, 03:18:20.034, 2637894388425, vstest.console.dll, Test Runtime launched
TpTrace Verbose: 0 : 14292, 7, 2023/08/08, 03:18:20.035, 2637894389139, vstest.console.dll, MulticastDelegateUtilities.SafeInvoke: HostProviderEvents.OnHostLaunched: Invoking callback 2/2 for Microsoft.VisualStudio.TestPlatform.CrossPlatEngine.Client.ProxyOperationManager., took 0 ms.
TpTrace Verbose: 0 : 14292, 7, 2023/08/08, 03:18:20.035, 2637894390575, vstest.console.dll, TestRequestSender.WaitForRequestHandlerConnection: waiting for connection with timeout: 90000.
TpTrace Verbose: 0 : 14292, 7, 2023/08/08, 03:18:22.292, 2637916962959, vstest.console.dll, TestRequestSender.WaitForRequestHandlerConnection: waiting took 2257 ms, with timeout 90000 ms, and result 0, which is success.
TpTrace Verbose: 0 : 14292, 12, 2023/08/08, 03:18:22.292, 2637916962934, vstest.console.dll, MulticastDelegateUtilities.SafeInvoke: SocketServer: ClientConnected: Invoking callback 1/1 for Microsoft.VisualStudio.TestPlatform.CommunicationUtilities.TestRequestSender., took 0 ms.
TpTrace Verbose: 0 : 14292, 12, 2023/08/08, 03:18:22.292, 2637916964340, vstest.console.dll, SocketServer.OnClientConnected: Client connected for endPoint: 127.0.0.1:47188, starting MessageLoopAsync:
TpTrace Verbose: 0 : 14292, 13, 2023/08/08, 03:18:22.292, 2637916966631, vstest.console.dll, TcpClientExtensions.MessageLoopAsync: Polling on remoteEndPoint: 127.0.0.1:47189 localEndPoint: 127.0.0.1:47188
TpTrace Verbose: 0 : 14292, 7, 2023/08/08, 03:18:22.293, 2637916971767, vstest.console.dll, TestRequestSender.CheckVersionWithTestHost: Sending check version message: {"MessageType":"ProtocolVersion","Payload":7}
TpTrace Verbose: 0 : 14292, 13, 2023/08/08, 03:18:22.410, 2637918147760, vstest.console.dll, TcpClientExtensions.MessageLoopAsync: NotifyDataAvailable remoteEndPoint: 127.0.0.1:47189 localEndPoint: 127.0.0.1:47188
TpTrace Verbose: 0 : 14292, 13, 2023/08/08, 03:18:22.411, 2637918150023, vstest.console.dll, TestRequestSender.CheckVersionWithTestHost: onMessageReceived received message: (ProtocolVersion) -> {"MessageType":"ProtocolVersion","Payload":7}
TpTrace Verbose: 0 : 14292, 13, 2023/08/08, 03:18:22.411, 2637918156438, vstest.console.dll, MulticastDelegateUtilities.SafeInvoke: LengthPrefixCommunicationChannel: MessageReceived: Invoking callback 1/1 for Microsoft.VisualStudio.TestPlatform.CommunicationUtilities.TestRequestSender+<>c__DisplayClass29_0., took 0 ms.
TpTrace Verbose: 0 : 14292, 13, 2023/08/08, 03:18:22.411, 2637918157159, vstest.console.dll, TcpClientExtensions.MessageLoopAsync: Polling on remoteEndPoint: 127.0.0.1:47189 localEndPoint: 127.0.0.1:47188
TpTrace Verbose: 0 : 14292, 7, 2023/08/08, 03:18:22.411, 2637918157295, vstest.console.dll, TestPluginCache.GetExtensionPaths: Filtered extension paths: 
TpTrace Verbose: 0 : 14292, 7, 2023/08/08, 03:18:22.411, 2637918157807, vstest.console.dll, TestPluginCache.GetExtensionPaths: Added default extension paths: C:\Program Files\dotnet\sdk\7.0.203\Extensions\Microsoft.Diagnostics.NETCore.Client.dll
C:\Program Files\dotnet\sdk\7.0.203\Extensions\Microsoft.TestPlatform.Extensions.BlameDataCollector.dll
C:\Program Files\dotnet\sdk\7.0.203\Extensions\Microsoft.TestPlatform.Extensions.EventLogCollector.dll
C:\Program Files\dotnet\sdk\7.0.203\Extensions\Microsoft.TestPlatform.TestHostRuntimeProvider.dll
C:\Program Files\dotnet\sdk\7.0.203\Extensions\Microsoft.VisualStudio.TestPlatform.Extensions.Html.TestLogger.dll
C:\Program Files\dotnet\sdk\7.0.203\Extensions\Microsoft.VisualStudio.TestPlatform.Extensions.Trx.TestLogger.dll
TpTrace Verbose: 0 : 14292, 7, 2023/08/08, 03:18:22.411, 2637918158016, vstest.console.dll, TestPluginCache.GetExtensionPaths: Added unfilterableExtensionPaths: 
TpTrace Verbose: 0 : 14292, 7, 2023/08/08, 03:18:22.414, 2637918183570, vstest.console.dll, TestRequestSender.InitializeExecution: Sending initialize execution with message: {"Version":7,"MessageType":"TestExecution.Initialize","Payload":["D:\\TourWebsite\\backend\\TourApp\\Package_Test\\bin\\Debug\\net6.0\\fine-code-coverage\\build-output\\xunit.runner.visualstudio.dotnetcore.testadapter.dll"]}
TpTrace Warning: 0 : 14292, 7, 2023/08/08, 03:18:22.414, 2637918187414, vstest.console.dll, InferRunSettingsHelper.MakeRunsettingsCompatible: Removing the following settings: TargetPlatform from RunSettings file. To use those settings please move to latest version of Microsoft.NET.Test.Sdk
TpTrace Verbose: 0 : 14292, 13, 2023/08/08, 03:18:22.415, 2637918190898, vstest.console.dll, TcpClientExtensions.MessageLoopAsync: NotifyDataAvailable remoteEndPoint: 127.0.0.1:47189 localEndPoint: 127.0.0.1:47188
TpTrace Verbose: 0 : 14292, 13, 2023/08/08, 03:18:22.415, 2637918193891, vstest.console.dll, TestRequestSender.OnExecutionMessageReceived: Received message: {"Version":7,"MessageType":"TestSession.Message","Payload":{"MessageLevel":0,"Message":"Logging TestHost Diagnostics in file: D:\\TourWebsite\\backend\\TourApp\\Package_Test\\bin\\Debug\\net6.0\\fine-code-coverage\\coverage-tool-output\\diagnostics.host.23-08-08_03-18-19_98206_7.log"}}
TpTrace Verbose: 0 : 14292, 13, 2023/08/08, 03:18:22.417, 2637918213060, vstest.console.dll, TestRunRequest:SendTestRunMessage: Starting.
TpTrace Verbose: 0 : 14292, 13, 2023/08/08, 03:18:22.424, 2637918281761, vstest.console.dll, MulticastDelegateUtilities.SafeInvoke: TestRun.LogMessages: Invoking callback 1/1 for Microsoft.VisualStudio.TestPlatform.CommandLine.TestRunResultAggregator., took 0 ms.
TpTrace Verbose: 0 : 14292, 4, 2023/08/08, 03:18:22.424, 2637918281948, vstest.console.dll, MulticastDelegateUtilities.SafeInvoke: InternalTestLoggerEvents.SendTestRunMessage: Invoking callback 1/1 for Microsoft.VisualStudio.TestPlatform.CommandLine.Internal.ConsoleLogger., took 0 ms.
TpTrace Information: 0 : 14292, 13, 2023/08/08, 03:18:22.424, 2637918282417, vstest.console.dll, TestRunRequest:SendTestRunMessage: Completed.
TpTrace Verbose: 0 : 14292, 13, 2023/08/08, 03:18:22.424, 2637918283569, vstest.console.dll, MulticastDelegateUtilities.SafeInvoke: LengthPrefixCommunicationChannel: MessageReceived: Invoking callback 1/1 for Microsoft.VisualStudio.TestPlatform.CommunicationUtilities.TestRequestSender+<>c__DisplayClass34_0., took 9 ms.
TpTrace Verbose: 0 : 14292, 13, 2023/08/08, 03:18:22.424, 2637918284327, vstest.console.dll, TcpClientExtensions.MessageLoopAsync: Polling on remoteEndPoint: 127.0.0.1:47189 localEndPoint: 127.0.0.1:47188
TpTrace Verbose: 0 : 14292, 7, 2023/08/08, 03:18:22.428, 2637918326241, vstest.console.dll, TestRequestSender.StartTestRun: Sending test run with message: {"Version":7,"MessageType":"TestExecution.StartWithSources","Payload":{"AdapterSourceMap":{"_none_":["D:\\TourWebsite\\backend\\TourApp\\Package_Test\\bin\\Debug\\net6.0\\fine-code-coverage\\build-output\\Package_Test.dll"]},"RunSettings":"<RunSettings>\r\n  <RunConfiguration>\r\n    <ResultsDirectory>D:\\TourWebsite\\backend\\TourApp\\Package_Test\\bin\\Debug\\net6.0\\fine-code-coverage\\coverage-tool-output</ResultsDirectory>\r\n    <TargetFrameworkVersion>.NETCoreApp,Version=v6.0</TargetFrameworkVersion>\r\n    <DesignMode>False</DesignMode>\r\n    <CollectSourceInformation>False</CollectSourceInformation>\r\n  </RunConfiguration>\r\n  <LoggerRunSettings>\r\n    <Loggers>\r\n      <Logger friendlyName=\"blame\" enabled=\"True\" />\r\n      <Logger friendlyName=\"Console\" uri=\"logger://microsoft/TestPlatform/ConsoleLogger/v1\" assemblyQualifiedName=\"Microsoft.VisualStudio.TestPlatform.CommandLine.Internal.ConsoleLogger, vstest.console, Version=15.0.0.0, Culture=neutral, PublicKeyToken=b03f5f7f11d50a3a\" codeBase=\"C:\\Program Files\\dotnet\\sdk\\7.0.203\\vstest.console.dll\" enabled=\"True\" />\r\n    </Loggers>\r\n  </LoggerRunSettings>\r\n  <DataCollectionRunSettings>\r\n    <DataCollectors>\r\n      <DataCollector friendlyName=\"blame\" enabled=\"True\">\r\n        <Configuration>\r\n          <ResultsDirectory>D:\\TourWebsite\\backend\\TourApp\\Package_Test\\bin\\Debug\\net6.0\\fine-code-coverage\\coverage-tool-output</ResultsDirectory>\r\n        </Configuration>\r\n      </DataCollector>\r\n    </DataCollectors>\r\n  </DataCollectionRunSettings>\r\n</RunSettings>","TestExecutionContext":{"FrequencyOfRunStatsChangeEvent":10,"RunStatsChangeEventTimeout":"00:00:01.5000000","InIsolation":false,"KeepAlive":false,"AreTestCaseLevelEventsRequired":false,"IsDebug":false,"TestCaseFilter":null,"FilterOptions":null},"Package":null}}
TpTrace Verbose: 0 : 14292, 13, 2023/08/08, 03:18:22.546, 2637919508222, vstest.console.dll, TcpClientExtensions.MessageLoopAsync: NotifyDataAvailable remoteEndPoint: 127.0.0.1:47189 localEndPoint: 127.0.0.1:47188
TpTrace Verbose: 0 : 14292, 13, 2023/08/08, 03:18:22.547, 2637919509749, vstest.console.dll, TestRequestSender.OnExecutionMessageReceived: Received message: {"Version":7,"MessageType":"TestSession.Message","Payload":{"MessageLevel":0,"Message":"[xUnit.net 00:00:00.00] xUnit.net VSTest Adapter v2.4.5+1caef2f33e (64-bit .NET 6.0.16)"}}
TpTrace Verbose: 0 : 14292, 13, 2023/08/08, 03:18:22.547, 2637919511883, vstest.console.dll, TestRunRequest:SendTestRunMessage: Starting.
TpTrace Verbose: 0 : 14292, 13, 2023/08/08, 03:18:22.547, 2637919512278, vstest.console.dll, MulticastDelegateUtilities.SafeInvoke: TestRun.LogMessages: Invoking callback 1/1 for Microsoft.VisualStudio.TestPlatform.CommandLine.TestRunResultAggregator., took 0 ms.
TpTrace Information: 0 : 14292, 13, 2023/08/08, 03:18:22.547, 2637919512560, vstest.console.dll, TestRunRequest:SendTestRunMessage: Completed.
TpTrace Verbose: 0 : 14292, 13, 2023/08/08, 03:18:22.547, 2637919512694, vstest.console.dll, MulticastDelegateUtilities.SafeInvoke: LengthPrefixCommunicationChannel: MessageReceived: Invoking callback 1/1 for Microsoft.VisualStudio.TestPlatform.CommunicationUtilities.TestRequestSender+<>c__DisplayClass34_0., took 0 ms.
TpTrace Verbose: 0 : 14292, 13, 2023/08/08, 03:18:22.547, 2637919512858, vstest.console.dll, TcpClientExtensions.MessageLoopAsync: Polling on remoteEndPoint: 127.0.0.1:47189 localEndPoint: 127.0.0.1:47188
TpTrace Verbose: 0 : 14292, 4, 2023/08/08, 03:18:22.547, 2637919512974, vstest.console.dll, MulticastDelegateUtilities.SafeInvoke: InternalTestLoggerEvents.SendTestRunMessage: Invoking callback 1/1 for Microsoft.VisualStudio.TestPlatform.CommandLine.Internal.ConsoleLogger., took 0 ms.
TpTrace Verbose: 0 : 14292, 13, 2023/08/08, 03:18:23.551, 2637929554324, vstest.console.dll, TcpClientExtensions.MessageLoopAsync: Polling on remoteEndPoint: 127.0.0.1:47189 localEndPoint: 127.0.0.1:47188
TpTrace Verbose: 0 : 14292, 13, 2023/08/08, 03:18:24.565, 2637939688908, vstest.console.dll, TcpClientExtensions.MessageLoopAsync: Polling on remoteEndPoint: 127.0.0.1:47189 localEndPoint: 127.0.0.1:47188
TpTrace Verbose: 0 : 14292, 13, 2023/08/08, 03:18:25.570, 2637949747237, vstest.console.dll, TcpClientExtensions.MessageLoopAsync: Polling on remoteEndPoint: 127.0.0.1:47189 localEndPoint: 127.0.0.1:47188
TpTrace Verbose: 0 : 14292, 13, 2023/08/08, 03:18:26.584, 2637959881068, vstest.console.dll, TcpClientExtensions.MessageLoopAsync: Polling on remoteEndPoint: 127.0.0.1:47189 localEndPoint: 127.0.0.1:47188
TpTrace Verbose: 0 : 14292, 13, 2023/08/08, 03:18:27.591, 2637969953119, vstest.console.dll, TcpClientExtensions.MessageLoopAsync: Polling on remoteEndPoint: 127.0.0.1:47189 localEndPoint: 127.0.0.1:47188
TpTrace Verbose: 0 : 14292, 13, 2023/08/08, 03:18:28.592, 2637979963522, vstest.console.dll, TcpClientExtensions.MessageLoopAsync: Polling on remoteEndPoint: 127.0.0.1:47189 localEndPoint: 127.0.0.1:47188
TpTrace Verbose: 0 : 14292, 13, 2023/08/08, 03:18:29.595, 2637989993874, vstest.console.dll, TcpClientExtensions.MessageLoopAsync: Polling on remoteEndPoint: 127.0.0.1:47189 localEndPoint: 127.0.0.1:47188
TpTrace Verbose: 0 : 14292, 13, 2023/08/08, 03:18:30.445, 2637998497900, vstest.console.dll, TcpClientExtensions.MessageLoopAsync: NotifyDataAvailable remoteEndPoint: 127.0.0.1:47189 localEndPoint: 127.0.0.1:47188
TpTrace Verbose: 0 : 14292, 13, 2023/08/08, 03:18:30.446, 2637998499520, vstest.console.dll, TestRequestSender.OnExecutionMessageReceived: Received message: {"Version":7,"MessageType":"TestSession.Message","Payload":{"MessageLevel":0,"Message":"[xUnit.net 00:00:07.90]   Discovering: Package_Test"}}
TpTrace Verbose: 0 : 14292, 13, 2023/08/08, 03:18:30.446, 2637998502108, vstest.console.dll, TestRunRequest:SendTestRunMessage: Starting.
TpTrace Verbose: 0 : 14292, 13, 2023/08/08, 03:18:30.446, 2637998502899, vstest.console.dll, MulticastDelegateUtilities.SafeInvoke: TestRun.LogMessages: Invoking callback 1/1 for Microsoft.VisualStudio.TestPlatform.CommandLine.TestRunResultAggregator., took 0 ms.
TpTrace Information: 0 : 14292, 13, 2023/08/08, 03:18:30.446, 2637998503081, vstest.console.dll, TestRunRequest:SendTestRunMessage: Completed.
TpTrace Verbose: 0 : 14292, 13, 2023/08/08, 03:18:30.446, 2637998503276, vstest.console.dll, MulticastDelegateUtilities.SafeInvoke: LengthPrefixCommunicationChannel: MessageReceived: Invoking callback 1/1 for Microsoft.VisualStudio.TestPlatform.CommunicationUtilities.TestRequestSender+<>c__DisplayClass34_0., took 0 ms.
TpTrace Verbose: 0 : 14292, 13, 2023/08/08, 03:18:30.446, 2637998503455, vstest.console.dll, TcpClientExtensions.MessageLoopAsync: Polling on remoteEndPoint: 127.0.0.1:47189 localEndPoint: 127.0.0.1:47188
TpTrace Verbose: 0 : 14292, 4, 2023/08/08, 03:18:30.446, 2637998506263, vstest.console.dll, MulticastDelegateUtilities.SafeInvoke: InternalTestLoggerEvents.SendTestRunMessage: Invoking callback 1/1 for Microsoft.VisualStudio.TestPlatform.CommandLine.Internal.ConsoleLogger., took 0 ms.
TpTrace Verbose: 0 : 14292, 13, 2023/08/08, 03:18:30.472, 2637998763609, vstest.console.dll, TcpClientExtensions.MessageLoopAsync: NotifyDataAvailable remoteEndPoint: 127.0.0.1:47189 localEndPoint: 127.0.0.1:47188
TpTrace Verbose: 0 : 14292, 13, 2023/08/08, 03:18:30.472, 2637998765329, vstest.console.dll, TestRequestSender.OnExecutionMessageReceived: Received message: {"Version":7,"MessageType":"TestSession.Message","Payload":{"MessageLevel":0,"Message":"[xUnit.net 00:00:07.92]   Discovered:  Package_Test"}}
TpTrace Verbose: 0 : 14292, 13, 2023/08/08, 03:18:30.472, 2637998766600, vstest.console.dll, TestRunRequest:SendTestRunMessage: Starting.
TpTrace Verbose: 0 : 14292, 13, 2023/08/08, 03:18:30.472, 2637998767079, vstest.console.dll, MulticastDelegateUtilities.SafeInvoke: TestRun.LogMessages: Invoking callback 1/1 for Microsoft.VisualStudio.TestPlatform.CommandLine.TestRunResultAggregator., took 0 ms.
TpTrace Information: 0 : 14292, 13, 2023/08/08, 03:18:30.472, 2637998767220, vstest.console.dll, TestRunRequest:SendTestRunMessage: Completed.
TpTrace Verbose: 0 : 14292, 13, 2023/08/08, 03:18:30.472, 2637998767386, vstest.console.dll, MulticastDelegateUtilities.SafeInvoke: LengthPrefixCommunicationChannel: MessageReceived: Invoking callback 1/1 for Microsoft.VisualStudio.TestPlatform.CommunicationUtilities.TestRequestSender+<>c__DisplayClass34_0., took 0 ms.
TpTrace Verbose: 0 : 14292, 13, 2023/08/08, 03:18:30.472, 2637998767538, vstest.console.dll, TcpClientExtensions.MessageLoopAsync: Polling on remoteEndPoint: 127.0.0.1:47189 localEndPoint: 127.0.0.1:47188
TpTrace Verbose: 0 : 14292, 4, 2023/08/08, 03:18:30.472, 2637998767807, vstest.console.dll, MulticastDelegateUtilities.SafeInvoke: InternalTestLoggerEvents.SendTestRunMessage: Invoking callback 1/1 for Microsoft.VisualStudio.TestPlatform.CommandLine.Internal.ConsoleLogger., took 0 ms.
TpTrace Verbose: 0 : 14292, 13, 2023/08/08, 03:18:30.474, 2637998780215, vstest.console.dll, TcpClientExtensions.MessageLoopAsync: NotifyDataAvailable remoteEndPoint: 127.0.0.1:47189 localEndPoint: 127.0.0.1:47188
TpTrace Verbose: 0 : 14292, 13, 2023/08/08, 03:18:30.474, 2637998780784, vstest.console.dll, TestRequestSender.OnExecutionMessageReceived: Received message: {"Version":7,"MessageType":"TestSession.Message","Payload":{"MessageLevel":0,"Message":"[xUnit.net 00:00:07.93]   Starting:    Package_Test"}}
TpTrace Verbose: 0 : 14292, 13, 2023/08/08, 03:18:30.474, 2637998781306, vstest.console.dll, TestRunRequest:SendTestRunMessage: Starting.
TpTrace Verbose: 0 : 14292, 13, 2023/08/08, 03:18:30.474, 2637998781552, vstest.console.dll, MulticastDelegateUtilities.SafeInvoke: TestRun.LogMessages: Invoking callback 1/1 for Microsoft.VisualStudio.TestPlatform.CommandLine.TestRunResultAggregator., took 0 ms.
TpTrace Information: 0 : 14292, 13, 2023/08/08, 03:18:30.474, 2637998781677, vstest.console.dll, TestRunRequest:SendTestRunMessage: Completed.
TpTrace Verbose: 0 : 14292, 13, 2023/08/08, 03:18:30.474, 2637998781808, vstest.console.dll, MulticastDelegateUtilities.SafeInvoke: LengthPrefixCommunicationChannel: MessageReceived: Invoking callback 1/1 for Microsoft.VisualStudio.TestPlatform.CommunicationUtilities.TestRequestSender+<>c__DisplayClass34_0., took 0 ms.
TpTrace Verbose: 0 : 14292, 13, 2023/08/08, 03:18:30.474, 2637998781939, vstest.console.dll, TcpClientExtensions.MessageLoopAsync: Polling on remoteEndPoint: 127.0.0.1:47189 localEndPoint: 127.0.0.1:47188
TpTrace Verbose: 0 : 14292, 4, 2023/08/08, 03:18:30.474, 2637998782547, vstest.console.dll, MulticastDelegateUtilities.SafeInvoke: InternalTestLoggerEvents.SendTestRunMessage: Invoking callback 1/1 for Microsoft.VisualStudio.TestPlatform.CommandLine.Internal.ConsoleLogger., took 0 ms.
TpTrace Verbose: 0 : 14292, 13, 2023/08/08, 03:18:30.536, 2637999400572, vstest.console.dll, TcpClientExtensions.MessageLoopAsync: NotifyDataAvailable remoteEndPoint: 127.0.0.1:47189 localEndPoint: 127.0.0.1:47188
TpTrace Verbose: 0 : 14292, 13, 2023/08/08, 03:18:30.536, 2637999402931, vstest.console.dll, TestRequestSender.OnExecutionMessageReceived: Received message: {"Version":7,"MessageType":"TestExecution.StatsChange","Payload":{"NewTestResults":[],"TestRunStatistics":{"ExecutedTests":0,"Stats":{}},"ActiveTests":[{"Id":"54c9d39f-48a8-32b1-519e-7761349d155e","FullyQualifiedName":"Tour_packages.Tests.ContactDetailsRepoTests.DeleteContactDetails_ExistingId_ReturnsDeletedDetails","DisplayName":"Tour_packages.Tests.ContactDetailsRepoTests.DeleteContactDetails_ExistingId_ReturnsDeletedDetails","ExecutorUri":"executor://xunit/VsTestRunner2/netcoreapp","Source":"D:\\TourWebsite\\backend\\TourApp\\Package_Test\\bin\\Debug\\net6.0\\fine-code-coverage\\build-output\\Package_Test.dll","CodeFilePath":null,"LineNumber":0,"Properties":[]}]}}
TpTrace Verbose: 0 : 14292, 13, 2023/08/08, 03:18:30.545, 2637999489700, vstest.console.dll, TestRunRequest:SendTestRunStatsChange: Starting.
TpTrace Verbose: 0 : 14292, 13, 2023/08/08, 03:18:30.545, 2637999490883, vstest.console.dll, InProgress is Tour_packages.Tests.ContactDetailsRepoTests.DeleteContactDetails_ExistingId_ReturnsDeletedDetails
TpTrace Verbose: 0 : 14292, 13, 2023/08/08, 03:18:30.545, 2637999491495, vstest.console.dll, MulticastDelegateUtilities.SafeInvoke: TestRun.RunStatsChanged: Invoking callbacks was skipped because there are no subscribers.
TpTrace Information: 0 : 14292, 13, 2023/08/08, 03:18:30.545, 2637999491645, vstest.console.dll, TestRunRequest:SendTestRunStatsChange: Completed.
TpTrace Verbose: 0 : 14292, 13, 2023/08/08, 03:18:30.545, 2637999491788, vstest.console.dll, MulticastDelegateUtilities.SafeInvoke: LengthPrefixCommunicationChannel: MessageReceived: Invoking callback 1/1 for Microsoft.VisualStudio.TestPlatform.CommunicationUtilities.TestRequestSender+<>c__DisplayClass34_0., took 8 ms.
TpTrace Verbose: 0 : 14292, 13, 2023/08/08, 03:18:30.545, 2637999491930, vstest.console.dll, TcpClientExtensions.MessageLoopAsync: Polling on remoteEndPoint: 127.0.0.1:47189 localEndPoint: 127.0.0.1:47188
TpTrace Verbose: 0 : 14292, 13, 2023/08/08, 03:18:31.038, 2638004423780, vstest.console.dll, TcpClientExtensions.MessageLoopAsync: NotifyDataAvailable remoteEndPoint: 127.0.0.1:47189 localEndPoint: 127.0.0.1:47188
TpTrace Verbose: 0 : 14292, 13, 2023/08/08, 03:18:31.038, 2638004425851, vstest.console.dll, TestRequestSender.OnExecutionMessageReceived: Received message: {"Version":7,"MessageType":"TestExecution.StatsChange","Payload":{"NewTestResults":[{"TestCase":{"Id":"802b7bc3-6961-4956-1478-019cb85dd619","FullyQualifiedName":"Tour_Feedback.Tests.FeedbackRepoTests.AddFeedbacks_ServiceReturnsNull_ReturnsBadRequestResponse","DisplayName":"Tour_Feedback.Tests.FeedbackRepoTests.AddFeedbacks_ServiceReturnsNull_ReturnsBadRequestResponse","ExecutorUri":"executor://xunit/VsTestRunner2/netcoreapp","Source":"D:\\TourWebsite\\backend\\TourApp\\Package_Test\\bin\\Debug\\net6.0\\fine-code-coverage\\build-output\\Package_Test.dll","CodeFilePath":null,"LineNumber":0,"Properties":[]},"Attachments":[],"Outcome":1,"ErrorMessage":null,"ErrorStackTrace":null,"DisplayName":"Tour_Feedback.Tests.FeedbackRepoTests.AddFeedbacks_ServiceReturnsNull_ReturnsBadRequestResponse","Messages":[],"ComputerName":"DESKTOP-46QSN5C","Duration":"00:00:00.4772691","StartTime":"2023-08-07T21:48:30.9975451+00:00","EndTime":"2023-08-07T21:48:30.9975615+00:00","Properties":[]},{"TestCase":{"Id":"8e9aee05-7f84-4030-b4ae-fbc8bda5367e","FullyQualifiedName":"Tour_Feedback.Tests.FeedbackRepoTests.DeleteFeedback_ValidId_ReturnsDeletedFeedback","DisplayName":"Tour_Feedback.Tests.FeedbackRepoTests.DeleteFeedback_ValidId_ReturnsDeletedFeedback","ExecutorUri":"executor://xunit/VsTestRunner2/netcoreapp","Source":"D:\\TourWebsite\\backend\\TourApp\\Package_Test\\bin\\Debug\\net6.0\\fine-code-coverage\\build-output\\Package_Test.dll","CodeFilePath":null,"LineNumber":0,"Properties":[]},"Attachments":[],"Outcome":1,"ErrorMessage":null,"ErrorStackTrace":null,"DisplayName":"Tour_Feedback.Tests.FeedbackRepoTests.DeleteFeedback_ValidId_ReturnsDeletedFeedback","Messages":[],"ComputerName":"DESKTOP-46QSN5C","Duration":"00:00:00.0036693","StartTime":"2023-08-07T21:48:31.0140808+00:00","EndTime":"2023-08-07T21:48:31.0140808+00:00","Properties":[]},{"TestCase":{"Id":"6084328c-da24-a665-2a91-b982e433198c","FullyQualifiedName":"Tour_Feedback.Tests.FeedbackRepoTests.GetAllFeedbacks_ValidInput_ReturnsOkResponseWithFeedbackList","DisplayName":"Tour_Feedback.Tests.FeedbackRepoTests.GetAllFeedbacks_ValidInput_ReturnsOkResponseWithFeedbackList","ExecutorUri":"executor://xunit/VsTestRunner2/netcoreapp","Source":"D:\\TourWebsite\\backend\\TourApp\\Package_Test\\bin\\Debug\\net6.0\\fine-code-coverage\\build-output\\Package_Test.dll","CodeFilePath":null,"LineNumber":0,"Properties":[]},"Attachments":[],"Outcome":1,"ErrorMessage":null,"ErrorStackTrace":null,"DisplayName":"Tour_Feedback.Tests.FeedbackRepoTests.GetAllFeedbacks_ValidInput_ReturnsOkResponseWithFeedbackList","Messages":[],"ComputerName":"DESKTOP-46QSN5C","Duration":"00:00:00.0020540","StartTime":"2023-08-07T21:48:31.0158251+00:00","EndTime":"2023-08-07T21:48:31.0158251+00:00","Properties":[]},{"TestCase":{"Id":"54c9d39f-48a8-32b1-519e-7761349d155e","FullyQualifiedName":"Tour_packages.Tests.ContactDetailsRepoTests.DeleteContactDetails_ExistingId_ReturnsDeletedDetails","DisplayName":"Tour_packages.Tests.ContactDetailsRepoTests.DeleteContactDetails_ExistingId_ReturnsDeletedDetails","ExecutorUri":"executor://xunit/VsTestRunner2/netcoreapp","Source":"D:\\TourWebsite\\backend\\TourApp\\Package_Test\\bin\\Debug\\net6.0\\fine-code-coverage\\build-output\\Package_Test.dll","CodeFilePath":null,"LineNumber":0,"Properties":[]},"Attachments":[],"Outcome":1,"ErrorMessage":null,"ErrorStackTrace":null,"DisplayName":"Tour_packages.Tests.ContactDetailsRepoTests.DeleteContactDetails_ExistingId_ReturnsDeletedDetails","Messages":[],"ComputerName":"DESKTOP-46QSN5C","Duration":"00:00:00.5045169","StartTime":"2023-08-07T21:48:31.0184776+00:00","EndTime":"2023-08-07T21:48:31.0184777+00:00","Properties":[]},{"TestCase":{"Id":"b23aada0-0a6b-eb45-d663-ab75bd2c4aa8","FullyQualifiedName":"Tour_packages.Tests.ContactDetailsRepoTests.AddItinerary_ExceptionOccurs_ReturnsNull","DisplayName":"Tour_packages.Tests.ContactDetailsRepoTests.AddItinerary_ExceptionOccurs_ReturnsNull","ExecutorUri":"executor://xunit/VsTestRunner2/netcoreapp","Source":"D:\\TourWebsite\\backend\\TourApp\\Package_Test\\bin\\Debug\\net6.0\\fine-code-coverage\\build-output\\Package_Test.dll","CodeFilePath":null,"LineNumber":0,"Properties":[]},"Attachments":[],"Outcome":1,"ErrorMessage":null,"ErrorStackTrace":null,"DisplayName":"Tour_packages.Tests.ContactDetailsRepoTests.AddItinerary_ExceptionOccurs_ReturnsNull","Messages":[],"ComputerName":"DESKTOP-46QSN5C","Duration":"00:00:00.0039712","StartTime":"2023-08-07T21:48:31.0225868+00:00","EndTime":"2023-08-07T21:48:31.0225869+00:00","Properties":[]},{"TestCase":{"Id":"499070cf-7277-a15c-575b-43df7b33057c","FullyQualifiedName":"Tour_packages.Tests.ContactDetailsRepoTests.AddPackage_ValidInput_ReturnsAddedPackage","DisplayName":"Tour_packages.Tests.ContactDetailsRepoTests.AddPackage_ValidInput_ReturnsAddedPackage","ExecutorUri":"executor://xunit/VsTestRunner2/netcoreapp","Source":"D:\\TourWebsite\\backend\\TourApp\\Package_Test\\bin\\Debug\\net6.0\\fine-code-coverage\\build-output\\Package_Test.dll","CodeFilePath":null,"LineNumber":0,"Properties":[]},"Attachments":[],"Outcome":1,"ErrorMessage":null,"ErrorStackTrace":null,"DisplayName":"Tour_packages.Tests.ContactDetailsRepoTests.AddPackage_ValidInput_ReturnsAddedPackage","Messages":[],"ComputerName":"DESKTOP-46QSN5C","Duration":"00:00:00.0035315","StartTime":"2023-08-07T21:48:31.0261983+00:00","EndTime":"2023-08-07T21:48:31.0261984+00:00","Properties":[]},{"TestCase":{"Id":"7737e3ed-4a22-a1b8-597d-521a5bd27386","FullyQualifiedName":"Tour_packages.Tests.ContactDetailsRepoTests.UpdateTourPackage_ValidInput_ReturnsOkResult","DisplayName":"Tour_packages.Tests.ContactDetailsRepoTests.UpdateTourPackage_ValidInput_ReturnsOkResult","ExecutorUri":"executor://xunit/VsTestRunner2/netcoreapp","Source":"D:\\TourWebsite\\backend\\TourApp\\Package_Test\\bin\\Debug\\net6.0\\fine-code-coverage\\build-output\\Package_Test.dll","CodeFilePath":null,"LineNumber":0,"Properties":[]},"Attachments":[],"Outcome":1,"ErrorMessage":null,"ErrorStackTrace":null,"DisplayName":"Tour_packages.Tests.ContactDetailsRepoTests.UpdateTourPackage_ValidInput_ReturnsOkResult","Messages":[],"ComputerName":"DESKTOP-46QSN5C","Duration":"00:00:00.0026714","StartTime":"2023-08-07T21:48:31.0289163+00:00","EndTime":"2023-08-07T21:48:31.0289163+00:00","Properties":[]}],"TestRunStatistics":{"ExecutedTests":7,"Stats":{"Passed":7}},"ActiveTests":[{"Id":"dbf3831e-cd7c-9478-8c22-21cb819b92ec","FullyQualifiedName":"Tour_LoginRegister.Tests.ManageUserServiceTests.Login_ValidUser_ReturnsUserDTO","DisplayName":"Tour_LoginRegister.Tests.ManageUserServiceTests.Login_ValidUser_ReturnsUserDTO","ExecutorUri":"executor://xunit/VsTestRunner2/netcoreapp","Source":"D:\\TourWebsite\\backend\\TourApp\\Package_Test\\bin\\Debug\\net6.0\\fine-code-coverage\\build-output\\Package_Test.dll","CodeFilePath":null,"LineNumber":0,"Properties":[]},{"Id":"6e6d71ce-c8be-05c2-b872-7de5b385d24d","FullyQualifiedName":"Tour_Feedback.Tests.FeedbackRepoTests.Delete_NonExistingId_ReturnsNull","DisplayName":"Tour_Feedback.Tests.FeedbackRepoTests.Delete_NonExistingId_ReturnsNull","ExecutorUri":"executor://xunit/VsTestRunner2/netcoreapp","Source":"D:\\TourWebsite\\backend\\TourApp\\Package_Test\\bin\\Debug\\net6.0\\fine-code-coverage\\build-output\\Package_Test.dll","CodeFilePath":null,"LineNumber":0,"Properties":[]},{"Id":"f9e59a1b-a98e-f149-1d33-f288f4e95238","FullyQualifiedName":"Tour_packages.Tests.ContactDetailsRepoTests.AddPackage_ExceptionOccurs_ReturnsNull","DisplayName":"Tour_packages.Tests.ContactDetailsRepoTests.AddPackage_ExceptionOccurs_ReturnsNull","ExecutorUri":"executor://xunit/VsTestRunner2/netcoreapp","Source":"D:\\TourWebsite\\backend\\TourApp\\Package_Test\\bin\\Debug\\net6.0\\fine-code-coverage\\build-output\\Package_Test.dll","CodeFilePath":null,"LineNumber":0,"Properties":[]}]}}
TpTrace Verbose: 0 : 14292, 13, 2023/08/08, 03:18:31.046, 2638004501377, vstest.console.dll, TestRunRequest:SendTestRunStatsChange: Starting.
TpTrace Verbose: 0 : 14292, 13, 2023/08/08, 03:18:31.046, 2638004501947, vstest.console.dll, InProgress is Tour_LoginRegister.Tests.ManageUserServiceTests.Login_ValidUser_ReturnsUserDTO
TpTrace Verbose: 0 : 14292, 13, 2023/08/08, 03:18:31.046, 2638004502069, vstest.console.dll, InProgress is Tour_Feedback.Tests.FeedbackRepoTests.Delete_NonExistingId_ReturnsNull
TpTrace Verbose: 0 : 14292, 13, 2023/08/08, 03:18:31.046, 2638004502174, vstest.console.dll, InProgress is Tour_packages.Tests.ContactDetailsRepoTests.AddPackage_ExceptionOccurs_ReturnsNull
TpTrace Verbose: 0 : 14292, 13, 2023/08/08, 03:18:31.046, 2638004503587, vstest.console.dll, MulticastDelegateUtilities.SafeInvoke: TestRun.RunStatsChanged: Invoking callbacks was skipped because there are no subscribers.
TpTrace Information: 0 : 14292, 13, 2023/08/08, 03:18:31.046, 2638004503746, vstest.console.dll, TestRunRequest:SendTestRunStatsChange: Completed.
TpTrace Verbose: 0 : 14292, 13, 2023/08/08, 03:18:31.046, 2638004503897, vstest.console.dll, MulticastDelegateUtilities.SafeInvoke: LengthPrefixCommunicationChannel: MessageReceived: Invoking callback 1/1 for Microsoft.VisualStudio.TestPlatform.CommunicationUtilities.TestRequestSender+<>c__DisplayClass34_0., took 7 ms.
TpTrace Verbose: 0 : 14292, 13, 2023/08/08, 03:18:31.046, 2638004504047, vstest.console.dll, TcpClientExtensions.MessageLoopAsync: Polling on remoteEndPoint: 127.0.0.1:47189 localEndPoint: 127.0.0.1:47188
TpTrace Verbose: 0 : 14292, 4, 2023/08/08, 03:18:31.048, 2638004525645, vstest.console.dll, MulticastDelegateUtilities.SafeInvoke: InternalTestLoggerEvents.SendTestResult: Invoking callback 1/1 for Microsoft.VisualStudio.TestPlatform.CommandLine.Internal.ConsoleLogger., took 2 ms.
TpTrace Verbose: 0 : 14292, 4, 2023/08/08, 03:18:31.048, 2638004527171, vstest.console.dll, MulticastDelegateUtilities.SafeInvoke: InternalTestLoggerEvents.SendTestResult: Invoking callback 1/1 for Microsoft.VisualStudio.TestPlatform.CommandLine.Internal.ConsoleLogger., took 0 ms.
TpTrace Verbose: 0 : 14292, 4, 2023/08/08, 03:18:31.048, 2638004527478, vstest.console.dll, MulticastDelegateUtilities.SafeInvoke: InternalTestLoggerEvents.SendTestResult: Invoking callback 1/1 for Microsoft.VisualStudio.TestPlatform.CommandLine.Internal.ConsoleLogger., took 0 ms.
TpTrace Verbose: 0 : 14292, 4, 2023/08/08, 03:18:31.048, 2638004527659, vstest.console.dll, MulticastDelegateUtilities.SafeInvoke: InternalTestLoggerEvents.SendTestResult: Invoking callback 1/1 for Microsoft.VisualStudio.TestPlatform.CommandLine.Internal.ConsoleLogger., took 0 ms.
TpTrace Verbose: 0 : 14292, 4, 2023/08/08, 03:18:31.048, 2638004527843, vstest.console.dll, MulticastDelegateUtilities.SafeInvoke: InternalTestLoggerEvents.SendTestResult: Invoking callback 1/1 for Microsoft.VisualStudio.TestPlatform.CommandLine.Internal.ConsoleLogger., took 0 ms.
TpTrace Verbose: 0 : 14292, 4, 2023/08/08, 03:18:31.048, 2638004528015, vstest.console.dll, MulticastDelegateUtilities.SafeInvoke: InternalTestLoggerEvents.SendTestResult: Invoking callback 1/1 for Microsoft.VisualStudio.TestPlatform.CommandLine.Internal.ConsoleLogger., took 0 ms.
TpTrace Verbose: 0 : 14292, 4, 2023/08/08, 03:18:31.048, 2638004528229, vstest.console.dll, MulticastDelegateUtilities.SafeInvoke: InternalTestLoggerEvents.SendTestResult: Invoking callback 1/1 for Microsoft.VisualStudio.TestPlatform.CommandLine.Internal.ConsoleLogger., took 0 ms.
TpTrace Verbose: 0 : 14292, 13, 2023/08/08, 03:18:31.143, 2638005471018, vstest.console.dll, TcpClientExtensions.MessageLoopAsync: NotifyDataAvailable remoteEndPoint: 127.0.0.1:47189 localEndPoint: 127.0.0.1:47188
TpTrace Verbose: 0 : 14292, 13, 2023/08/08, 03:18:31.143, 2638005472296, vstest.console.dll, TestRequestSender.OnExecutionMessageReceived: Received message: {"Version":7,"MessageType":"TestSession.Message","Payload":{"MessageLevel":2,"Message":"[xUnit.net 00:00:08.60]     Tour_LoginRegister.Tests.ManageUserServiceTests.Login_ValidUser_ReturnsUserDTO [FAIL]"}}
TpTrace Verbose: 0 : 14292, 13, 2023/08/08, 03:18:31.143, 2638005473235, vstest.console.dll, TestRunRequest:SendTestRunMessage: Starting.
TpTrace Verbose: 0 : 14292, 13, 2023/08/08, 03:18:31.143, 2638005473583, vstest.console.dll, MulticastDelegateUtilities.SafeInvoke: TestRun.LogMessages: Invoking callback 1/1 for Microsoft.VisualStudio.TestPlatform.CommandLine.TestRunResultAggregator., took 0 ms.
TpTrace Information: 0 : 14292, 13, 2023/08/08, 03:18:31.143, 2638005473718, vstest.console.dll, TestRunRequest:SendTestRunMessage: Completed.
TpTrace Verbose: 0 : 14292, 13, 2023/08/08, 03:18:31.143, 2638005473849, vstest.console.dll, MulticastDelegateUtilities.SafeInvoke: LengthPrefixCommunicationChannel: MessageReceived: Invoking callback 1/1 for Microsoft.VisualStudio.TestPlatform.CommunicationUtilities.TestRequestSender+<>c__DisplayClass34_0., took 0 ms.
TpTrace Verbose: 0 : 14292, 13, 2023/08/08, 03:18:31.143, 2638005473997, vstest.console.dll, TcpClientExtensions.MessageLoopAsync: Polling on remoteEndPoint: 127.0.0.1:47189 localEndPoint: 127.0.0.1:47188
TpTrace Verbose: 0 : 14292, 4, 2023/08/08, 03:18:31.143, 2638005475868, vstest.console.dll, MulticastDelegateUtilities.SafeInvoke: InternalTestLoggerEvents.SendTestRunMessage: Invoking callback 1/1 for Microsoft.VisualStudio.TestPlatform.CommandLine.Internal.ConsoleLogger., took 0 ms.
TpTrace Verbose: 0 : 14292, 13, 2023/08/08, 03:18:31.143, 2638005477784, vstest.console.dll, TcpClientExtensions.MessageLoopAsync: NotifyDataAvailable remoteEndPoint: 127.0.0.1:47189 localEndPoint: 127.0.0.1:47188
TpTrace Verbose: 0 : 14292, 13, 2023/08/08, 03:18:31.143, 2638005478331, vstest.console.dll, TestRequestSender.OnExecutionMessageReceived: Received message: {"Version":7,"MessageType":"TestSession.Message","Payload":{"MessageLevel":0,"Message":"[xUnit.net 00:00:08.60]       Assert.NotNull() Failure"}}
TpTrace Verbose: 0 : 14292, 13, 2023/08/08, 03:18:31.144, 2638005478818, vstest.console.dll, TestRunRequest:SendTestRunMessage: Starting.
TpTrace Verbose: 0 : 14292, 13, 2023/08/08, 03:18:31.144, 2638005479051, vstest.console.dll, MulticastDelegateUtilities.SafeInvoke: TestRun.LogMessages: Invoking callback 1/1 for Microsoft.VisualStudio.TestPlatform.CommandLine.TestRunResultAggregator., took 0 ms.
TpTrace Information: 0 : 14292, 13, 2023/08/08, 03:18:31.144, 2638005479178, vstest.console.dll, TestRunRequest:SendTestRunMessage: Completed.
TpTrace Verbose: 0 : 14292, 13, 2023/08/08, 03:18:31.144, 2638005479315, vstest.console.dll, MulticastDelegateUtilities.SafeInvoke: LengthPrefixCommunicationChannel: MessageReceived: Invoking callback 1/1 for Microsoft.VisualStudio.TestPlatform.CommunicationUtilities.TestRequestSender+<>c__DisplayClass34_0., took 0 ms.
TpTrace Verbose: 0 : 14292, 4, 2023/08/08, 03:18:31.144, 2638005479349, vstest.console.dll, MulticastDelegateUtilities.SafeInvoke: InternalTestLoggerEvents.SendTestRunMessage: Invoking callback 1/1 for Microsoft.VisualStudio.TestPlatform.CommandLine.Internal.ConsoleLogger., took 0 ms.
TpTrace Verbose: 0 : 14292, 13, 2023/08/08, 03:18:31.144, 2638005479516, vstest.console.dll, TcpClientExtensions.MessageLoopAsync: Polling on remoteEndPoint: 127.0.0.1:47189 localEndPoint: 127.0.0.1:47188
TpTrace Verbose: 0 : 14292, 13, 2023/08/08, 03:18:31.144, 2638005485029, vstest.console.dll, TcpClientExtensions.MessageLoopAsync: NotifyDataAvailable remoteEndPoint: 127.0.0.1:47189 localEndPoint: 127.0.0.1:47188
TpTrace Verbose: 0 : 14292, 13, 2023/08/08, 03:18:31.144, 2638005485585, vstest.console.dll, TestRequestSender.OnExecutionMessageReceived: Received message: {"Version":7,"MessageType":"TestSession.Message","Payload":{"MessageLevel":0,"Message":"[xUnit.net 00:00:08.60]       Stack Trace:"}}
TpTrace Verbose: 0 : 14292, 13, 2023/08/08, 03:18:31.144, 2638005486093, vstest.console.dll, TestRunRequest:SendTestRunMessage: Starting.
TpTrace Verbose: 0 : 14292, 13, 2023/08/08, 03:18:31.144, 2638005486343, vstest.console.dll, MulticastDelegateUtilities.SafeInvoke: TestRun.LogMessages: Invoking callback 1/1 for Microsoft.VisualStudio.TestPlatform.CommandLine.TestRunResultAggregator., took 0 ms.
TpTrace Information: 0 : 14292, 13, 2023/08/08, 03:18:31.144, 2638005486466, vstest.console.dll, TestRunRequest:SendTestRunMessage: Completed.
TpTrace Verbose: 0 : 14292, 13, 2023/08/08, 03:18:31.144, 2638005486588, vstest.console.dll, MulticastDelegateUtilities.SafeInvoke: LengthPrefixCommunicationChannel: MessageReceived: Invoking callback 1/1 for Microsoft.VisualStudio.TestPlatform.CommunicationUtilities.TestRequestSender+<>c__DisplayClass34_0., took 0 ms.
TpTrace Verbose: 0 : 14292, 13, 2023/08/08, 03:18:31.144, 2638005486716, vstest.console.dll, TcpClientExtensions.MessageLoopAsync: Polling on remoteEndPoint: 127.0.0.1:47189 localEndPoint: 127.0.0.1:47188
TpTrace Verbose: 0 : 14292, 4, 2023/08/08, 03:18:31.144, 2638005487819, vstest.console.dll, MulticastDelegateUtilities.SafeInvoke: InternalTestLoggerEvents.SendTestRunMessage: Invoking callback 1/1 for Microsoft.VisualStudio.TestPlatform.CommandLine.Internal.ConsoleLogger., took 0 ms.
TpTrace Verbose: 0 : 14292, 13, 2023/08/08, 03:18:31.146, 2638005503460, vstest.console.dll, TcpClientExtensions.MessageLoopAsync: NotifyDataAvailable remoteEndPoint: 127.0.0.1:47189 localEndPoint: 127.0.0.1:47188
TpTrace Verbose: 0 : 14292, 13, 2023/08/08, 03:18:31.146, 2638005504432, vstest.console.dll, TestRequestSender.OnExecutionMessageReceived: Received message: {"Version":7,"MessageType":"TestSession.Message","Payload":{"MessageLevel":0,"Message":"[xUnit.net 00:00:08.60]         D:\\TourWebsite\\backend\\TourApp\\Package_Test\\loginreg.cs(65,0): at Tour_LoginRegister.Tests.ManageUserServiceTests.Login_ValidUser_ReturnsUserDTO()"}}
TpTrace Verbose: 0 : 14292, 13, 2023/08/08, 03:18:31.146, 2638005505112, vstest.console.dll, TestRunRequest:SendTestRunMessage: Starting.
TpTrace Verbose: 0 : 14292, 13, 2023/08/08, 03:18:31.146, 2638005505387, vstest.console.dll, MulticastDelegateUtilities.SafeInvoke: TestRun.LogMessages: Invoking callback 1/1 for Microsoft.VisualStudio.TestPlatform.CommandLine.TestRunResultAggregator., took 0 ms.
TpTrace Information: 0 : 14292, 13, 2023/08/08, 03:18:31.146, 2638005505674, vstest.console.dll, TestRunRequest:SendTestRunMessage: Completed.
TpTrace Verbose: 0 : 14292, 13, 2023/08/08, 03:18:31.146, 2638005505952, vstest.console.dll, MulticastDelegateUtilities.SafeInvoke: LengthPrefixCommunicationChannel: MessageReceived: Invoking callback 1/1 for Microsoft.VisualStudio.TestPlatform.CommunicationUtilities.TestRequestSender+<>c__DisplayClass34_0., took 0 ms.
TpTrace Verbose: 0 : 14292, 13, 2023/08/08, 03:18:31.146, 2638005506168, vstest.console.dll, TcpClientExtensions.MessageLoopAsync: Polling on remoteEndPoint: 127.0.0.1:47189 localEndPoint: 127.0.0.1:47188
TpTrace Verbose: 0 : 14292, 13, 2023/08/08, 03:18:31.146, 2638005506384, vstest.console.dll, TcpClientExtensions.MessageLoopAsync: NotifyDataAvailable remoteEndPoint: 127.0.0.1:47189 localEndPoint: 127.0.0.1:47188
TpTrace Verbose: 0 : 14292, 13, 2023/08/08, 03:18:31.146, 2638005506588, vstest.console.dll, TestRequestSender.OnExecutionMessageReceived: Received message: {"Version":7,"MessageType":"TestSession.Message","Payload":{"MessageLevel":0,"Message":"[xUnit.net 00:00:08.60]         --- End of stack trace from previous location ---"}}
TpTrace Verbose: 0 : 14292, 4, 2023/08/08, 03:18:31.146, 2638005505980, vstest.console.dll, MulticastDelegateUtilities.SafeInvoke: InternalTestLoggerEvents.SendTestRunMessage: Invoking callback 1/1 for Microsoft.VisualStudio.TestPlatform.CommandLine.Internal.ConsoleLogger., took 0 ms.
TpTrace Verbose: 0 : 14292, 13, 2023/08/08, 03:18:31.146, 2638005506854, vstest.console.dll, TestRunRequest:SendTestRunMessage: Starting.
TpTrace Verbose: 0 : 14292, 13, 2023/08/08, 03:18:31.146, 2638005508086, vstest.console.dll, MulticastDelegateUtilities.SafeInvoke: TestRun.LogMessages: Invoking callback 1/1 for Microsoft.VisualStudio.TestPlatform.CommandLine.TestRunResultAggregator., took 0 ms.
TpTrace Information: 0 : 14292, 13, 2023/08/08, 03:18:31.146, 2638005508287, vstest.console.dll, TestRunRequest:SendTestRunMessage: Completed.
TpTrace Verbose: 0 : 14292, 13, 2023/08/08, 03:18:31.146, 2638005508489, vstest.console.dll, MulticastDelegateUtilities.SafeInvoke: LengthPrefixCommunicationChannel: MessageReceived: Invoking callback 1/1 for Microsoft.VisualStudio.TestPlatform.CommunicationUtilities.TestRequestSender+<>c__DisplayClass34_0., took 0 ms.
TpTrace Verbose: 0 : 14292, 13, 2023/08/08, 03:18:31.146, 2638005508638, vstest.console.dll, TcpClientExtensions.MessageLoopAsync: Polling on remoteEndPoint: 127.0.0.1:47189 localEndPoint: 127.0.0.1:47188
TpTrace Verbose: 0 : 14292, 4, 2023/08/08, 03:18:31.146, 2638005508621, vstest.console.dll, MulticastDelegateUtilities.SafeInvoke: InternalTestLoggerEvents.SendTestRunMessage: Invoking callback 1/1 for Microsoft.VisualStudio.TestPlatform.CommandLine.Internal.ConsoleLogger., took 0 ms.
TpTrace Verbose: 0 : 14292, 13, 2023/08/08, 03:18:31.149, 2638005531326, vstest.console.dll, TcpClientExtensions.MessageLoopAsync: NotifyDataAvailable remoteEndPoint: 127.0.0.1:47189 localEndPoint: 127.0.0.1:47188
TpTrace Verbose: 0 : 14292, 13, 2023/08/08, 03:18:31.149, 2638005532106, vstest.console.dll, TestRequestSender.OnExecutionMessageReceived: Received message: {"Version":7,"MessageType":"TestSession.Message","Payload":{"MessageLevel":2,"Message":"[xUnit.net 00:00:08.60]     Tour_LoginRegister.Tests.ManageUserServiceTests.AgentRegister_ValidInput_ReturnsUserDTO [FAIL]"}}
TpTrace Verbose: 0 : 14292, 13, 2023/08/08, 03:18:31.149, 2638005532688, vstest.console.dll, TestRunRequest:SendTestRunMessage: Starting.
TpTrace Verbose: 0 : 14292, 13, 2023/08/08, 03:18:31.149, 2638005532948, vstest.console.dll, MulticastDelegateUtilities.SafeInvoke: TestRun.LogMessages: Invoking callback 1/1 for Microsoft.VisualStudio.TestPlatform.CommandLine.TestRunResultAggregator., took 0 ms.
TpTrace Information: 0 : 14292, 13, 2023/08/08, 03:18:31.149, 2638005533064, vstest.console.dll, TestRunRequest:SendTestRunMessage: Completed.
TpTrace Verbose: 0 : 14292, 13, 2023/08/08, 03:18:31.149, 2638005533310, vstest.console.dll, MulticastDelegateUtilities.SafeInvoke: LengthPrefixCommunicationChannel: MessageReceived: Invoking callback 1/1 for Microsoft.VisualStudio.TestPlatform.CommunicationUtilities.TestRequestSender+<>c__DisplayClass34_0., took 0 ms.
TpTrace Verbose: 0 : 14292, 4, 2023/08/08, 03:18:31.149, 2638005534751, vstest.console.dll, MulticastDelegateUtilities.SafeInvoke: InternalTestLoggerEvents.SendTestRunMessage: Invoking callback 1/1 for Microsoft.VisualStudio.TestPlatform.CommandLine.Internal.ConsoleLogger., took 0 ms.
TpTrace Verbose: 0 : 14292, 13, 2023/08/08, 03:18:31.149, 2638005535014, vstest.console.dll, TcpClientExtensions.MessageLoopAsync: Polling on remoteEndPoint: 127.0.0.1:47189 localEndPoint: 127.0.0.1:47188
TpTrace Verbose: 0 : 14292, 13, 2023/08/08, 03:18:31.149, 2638005536841, vstest.console.dll, TcpClientExtensions.MessageLoopAsync: NotifyDataAvailable remoteEndPoint: 127.0.0.1:47189 localEndPoint: 127.0.0.1:47188
TpTrace Verbose: 0 : 14292, 13, 2023/08/08, 03:18:31.149, 2638005537167, vstest.console.dll, TestRequestSender.OnExecutionMessageReceived: Received message: {"Version":7,"MessageType":"TestSession.Message","Payload":{"MessageLevel":0,"Message":"[xUnit.net 00:00:08.60]       Assert.NotNull() Failure"}}
TpTrace Verbose: 0 : 14292, 13, 2023/08/08, 03:18:31.149, 2638005537554, vstest.console.dll, TestRunRequest:SendTestRunMessage: Starting.
TpTrace Verbose: 0 : 14292, 13, 2023/08/08, 03:18:31.149, 2638005537777, vstest.console.dll, MulticastDelegateUtilities.SafeInvoke: TestRun.LogMessages: Invoking callback 1/1 for Microsoft.VisualStudio.TestPlatform.CommandLine.TestRunResultAggregator., took 0 ms.
TpTrace Information: 0 : 14292, 13, 2023/08/08, 03:18:31.149, 2638005537907, vstest.console.dll, TestRunRequest:SendTestRunMessage: Completed.
TpTrace Verbose: 0 : 14292, 13, 2023/08/08, 03:18:31.149, 2638005538059, vstest.console.dll, MulticastDelegateUtilities.SafeInvoke: LengthPrefixCommunicationChannel: MessageReceived: Invoking callback 1/1 for Microsoft.VisualStudio.TestPlatform.CommunicationUtilities.TestRequestSender+<>c__DisplayClass34_0., took 0 ms.
TpTrace Verbose: 0 : 14292, 13, 2023/08/08, 03:18:31.149, 2638005538249, vstest.console.dll, TcpClientExtensions.MessageLoopAsync: Polling on remoteEndPoint: 127.0.0.1:47189 localEndPoint: 127.0.0.1:47188
TpTrace Verbose: 0 : 14292, 13, 2023/08/08, 03:18:31.149, 2638005538426, vstest.console.dll, TcpClientExtensions.MessageLoopAsync: NotifyDataAvailable remoteEndPoint: 127.0.0.1:47189 localEndPoint: 127.0.0.1:47188
TpTrace Verbose: 0 : 14292, 13, 2023/08/08, 03:18:31.149, 2638005538632, vstest.console.dll, TestRequestSender.OnExecutionMessageReceived: Received message: {"Version":7,"MessageType":"TestSession.Message","Payload":{"MessageLevel":0,"Message":"[xUnit.net 00:00:08.60]       Stack Trace:"}}
TpTrace Verbose: 0 : 14292, 13, 2023/08/08, 03:18:31.150, 2638005538888, vstest.console.dll, TestRunRequest:SendTestRunMessage: Starting.
TpTrace Verbose: 0 : 14292, 4, 2023/08/08, 03:18:31.149, 2638005538243, vstest.console.dll, MulticastDelegateUtilities.SafeInvoke: InternalTestLoggerEvents.SendTestRunMessage: Invoking callback 1/1 for Microsoft.VisualStudio.TestPlatform.CommandLine.Internal.ConsoleLogger., took 0 ms.
TpTrace Verbose: 0 : 14292, 13, 2023/08/08, 03:18:31.150, 2638005539063, vstest.console.dll, MulticastDelegateUtilities.SafeInvoke: TestRun.LogMessages: Invoking callback 1/1 for Microsoft.VisualStudio.TestPlatform.CommandLine.TestRunResultAggregator., took 0 ms.
TpTrace Verbose: 0 : 14292, 4, 2023/08/08, 03:18:31.150, 2638005539468, vstest.console.dll, MulticastDelegateUtilities.SafeInvoke: InternalTestLoggerEvents.SendTestRunMessage: Invoking callback 1/1 for Microsoft.VisualStudio.TestPlatform.CommandLine.Internal.ConsoleLogger., took 0 ms.
TpTrace Information: 0 : 14292, 13, 2023/08/08, 03:18:31.150, 2638005539577, vstest.console.dll, TestRunRequest:SendTestRunMessage: Completed.
TpTrace Verbose: 0 : 14292, 13, 2023/08/08, 03:18:31.150, 2638005539907, vstest.console.dll, MulticastDelegateUtilities.SafeInvoke: LengthPrefixCommunicationChannel: MessageReceived: Invoking callback 1/1 for Microsoft.VisualStudio.TestPlatform.CommunicationUtilities.TestRequestSender+<>c__DisplayClass34_0., took 0 ms.
TpTrace Verbose: 0 : 14292, 13, 2023/08/08, 03:18:31.150, 2638005540056, vstest.console.dll, TcpClientExtensions.MessageLoopAsync: Polling on remoteEndPoint: 127.0.0.1:47189 localEndPoint: 127.0.0.1:47188
TpTrace Verbose: 0 : 14292, 13, 2023/08/08, 03:18:31.150, 2638005540216, vstest.console.dll, TcpClientExtensions.MessageLoopAsync: NotifyDataAvailable remoteEndPoint: 127.0.0.1:47189 localEndPoint: 127.0.0.1:47188
TpTrace Verbose: 0 : 14292, 13, 2023/08/08, 03:18:31.150, 2638005540473, vstest.console.dll, TestRequestSender.OnExecutionMessageReceived: Received message: {"Version":7,"MessageType":"TestSession.Message","Payload":{"MessageLevel":0,"Message":"[xUnit.net 00:00:08.60]         D:\\TourWebsite\\backend\\TourApp\\Package_Test\\loginreg.cs(42,0): at Tour_LoginRegister.Tests.ManageUserServiceTests.AgentRegister_ValidInput_ReturnsUserDTO()"}}
TpTrace Verbose: 0 : 14292, 13, 2023/08/08, 03:18:31.150, 2638005540860, vstest.console.dll, TestRunRequest:SendTestRunMessage: Starting.
TpTrace Verbose: 0 : 14292, 13, 2023/08/08, 03:18:31.150, 2638005541029, vstest.console.dll, MulticastDelegateUtilities.SafeInvoke: TestRun.LogMessages: Invoking callback 1/1 for Microsoft.VisualStudio.TestPlatform.CommandLine.TestRunResultAggregator., took 0 ms.
TpTrace Information: 0 : 14292, 13, 2023/08/08, 03:18:31.150, 2638005541147, vstest.console.dll, TestRunRequest:SendTestRunMessage: Completed.
TpTrace Verbose: 0 : 14292, 13, 2023/08/08, 03:18:31.150, 2638005541406, vstest.console.dll, MulticastDelegateUtilities.SafeInvoke: LengthPrefixCommunicationChannel: MessageReceived: Invoking callback 1/1 for Microsoft.VisualStudio.TestPlatform.CommunicationUtilities.TestRequestSender+<>c__DisplayClass34_0., took 0 ms.
TpTrace Verbose: 0 : 14292, 13, 2023/08/08, 03:18:31.150, 2638005541524, vstest.console.dll, TcpClientExtensions.MessageLoopAsync: Polling on remoteEndPoint: 127.0.0.1:47189 localEndPoint: 127.0.0.1:47188
TpTrace Verbose: 0 : 14292, 4, 2023/08/08, 03:18:31.150, 2638005541593, vstest.console.dll, MulticastDelegateUtilities.SafeInvoke: InternalTestLoggerEvents.SendTestRunMessage: Invoking callback 1/1 for Microsoft.VisualStudio.TestPlatform.CommandLine.Internal.ConsoleLogger., took 0 ms.
TpTrace Verbose: 0 : 14292, 13, 2023/08/08, 03:18:31.150, 2638005541659, vstest.console.dll, TcpClientExtensions.MessageLoopAsync: NotifyDataAvailable remoteEndPoint: 127.0.0.1:47189 localEndPoint: 127.0.0.1:47188
TpTrace Verbose: 0 : 14292, 13, 2023/08/08, 03:18:31.150, 2638005543058, vstest.console.dll, TestRequestSender.OnExecutionMessageReceived: Received message: {"Version":7,"MessageType":"TestSession.Message","Payload":{"MessageLevel":0,"Message":"[xUnit.net 00:00:08.60]         --- End of stack trace from previous location ---"}}
TpTrace Verbose: 0 : 14292, 13, 2023/08/08, 03:18:31.150, 2638005543466, vstest.console.dll, TestRunRequest:SendTestRunMessage: Starting.
TpTrace Verbose: 0 : 14292, 13, 2023/08/08, 03:18:31.150, 2638005543736, vstest.console.dll, MulticastDelegateUtilities.SafeInvoke: TestRun.LogMessages: Invoking callback 1/1 for Microsoft.VisualStudio.TestPlatform.CommandLine.TestRunResultAggregator., took 0 ms.
TpTrace Information: 0 : 14292, 13, 2023/08/08, 03:18:31.150, 2638005543876, vstest.console.dll, TestRunRequest:SendTestRunMessage: Completed.
TpTrace Verbose: 0 : 14292, 13, 2023/08/08, 03:18:31.150, 2638005544136, vstest.console.dll, MulticastDelegateUtilities.SafeInvoke: LengthPrefixCommunicationChannel: MessageReceived: Invoking callback 1/1 for Microsoft.VisualStudio.TestPlatform.CommunicationUtilities.TestRequestSender+<>c__DisplayClass34_0., took 0 ms.
TpTrace Verbose: 0 : 14292, 13, 2023/08/08, 03:18:31.150, 2638005544262, vstest.console.dll, TcpClientExtensions.MessageLoopAsync: Polling on remoteEndPoint: 127.0.0.1:47189 localEndPoint: 127.0.0.1:47188
TpTrace Verbose: 0 : 14292, 4, 2023/08/08, 03:18:31.150, 2638005544312, vstest.console.dll, MulticastDelegateUtilities.SafeInvoke: InternalTestLoggerEvents.SendTestRunMessage: Invoking callback 1/1 for Microsoft.VisualStudio.TestPlatform.CommandLine.Internal.ConsoleLogger., took 0 ms.
TpTrace Verbose: 0 : 14292, 13, 2023/08/08, 03:18:32.159, 2638015628946, vstest.console.dll, TcpClientExtensions.MessageLoopAsync: Polling on remoteEndPoint: 127.0.0.1:47189 localEndPoint: 127.0.0.1:47188
TpTrace Verbose: 0 : 14292, 13, 2023/08/08, 03:18:32.473, 2638018769400, vstest.console.dll, TcpClientExtensions.MessageLoopAsync: NotifyDataAvailable remoteEndPoint: 127.0.0.1:47189 localEndPoint: 127.0.0.1:47188
TpTrace Verbose: 0 : 14292, 13, 2023/08/08, 03:18:32.473, 2638018771650, vstest.console.dll, TestRequestSender.OnExecutionMessageReceived: Received message: {"Version":7,"MessageType":"TestExecution.StatsChange","Payload":{"NewTestResults":[{"TestCase":{"Id":"f9e59a1b-a98e-f149-1d33-f288f4e95238","FullyQualifiedName":"Tour_packages.Tests.ContactDetailsRepoTests.AddPackage_ExceptionOccurs_ReturnsNull","DisplayName":"Tour_packages.Tests.ContactDetailsRepoTests.AddPackage_ExceptionOccurs_ReturnsNull","ExecutorUri":"executor://xunit/VsTestRunner2/netcoreapp","Source":"D:\\TourWebsite\\backend\\TourApp\\Package_Test\\bin\\Debug\\net6.0\\fine-code-coverage\\build-output\\Package_Test.dll","CodeFilePath":null,"LineNumber":0,"Properties":[]},"Attachments":[],"Outcome":1,"ErrorMessage":null,"ErrorStackTrace":null,"DisplayName":"Tour_packages.Tests.ContactDetailsRepoTests.AddPackage_ExceptionOccurs_ReturnsNull","Messages":[],"ComputerName":"DESKTOP-46QSN5C","Duration":"00:00:00.0008364","StartTime":"2023-08-07T21:48:31.0394218+00:00","EndTime":"2023-08-07T21:48:31.0394219+00:00","Properties":[]},{"TestCase":{"Id":"eb48dee0-ff86-2167-9229-8536b3f51473","FullyQualifiedName":"Tour_packages.Tests.ContactDetailsRepoTests.AddContactDetails_ServiceReturnsNull_ReturnsBadRequest","DisplayName":"Tour_packages.Tests.ContactDetailsRepoTests.AddContactDetails_ServiceReturnsNull_ReturnsBadRequest","ExecutorUri":"executor://xunit/VsTestRunner2/netcoreapp","Source":"D:\\TourWebsite\\backend\\TourApp\\Package_Test\\bin\\Debug\\net6.0\\fine-code-coverage\\build-output\\Package_Test.dll","CodeFilePath":null,"LineNumber":0,"Properties":[]},"Attachments":[],"Outcome":1,"ErrorMessage":null,"ErrorStackTrace":null,"DisplayName":"Tour_packages.Tests.ContactDetailsRepoTests.AddContactDetails_ServiceReturnsNull_ReturnsBadRequest","Messages":[],"ComputerName":"DESKTOP-46QSN5C","Duration":"00:00:00.0024227","StartTime":"2023-08-07T21:48:31.0410687+00:00","EndTime":"2023-08-07T21:48:31.0410688+00:00","Properties":[]},{"TestCase":{"Id":"735f5594-350d-c625-70b3-0baad369e5a6","FullyQualifiedName":"Tour_packages.Tests.ContactDetailsRepoTests.AddContactDetails_ExceptionOccurs_ReturnsNull","DisplayName":"Tour_packages.Tests.ContactDetailsRepoTests.AddContactDetails_ExceptionOccurs_ReturnsNull","ExecutorUri":"executor://xunit/VsTestRunner2/netcoreapp","Source":"D:\\TourWebsite\\backend\\TourApp\\Package_Test\\bin\\Debug\\net6.0\\fine-code-coverage\\build-output\\Package_Test.dll","CodeFilePath":null,"LineNumber":0,"Properties":[]},"Attachments":[],"Outcome":1,"ErrorMessage":null,"ErrorStackTrace":null,"DisplayName":"Tour_packages.Tests.ContactDetailsRepoTests.AddContactDetails_ExceptionOccurs_ReturnsNull","Messages":[],"ComputerName":"DESKTOP-46QSN5C","Duration":"00:00:00.0012273","StartTime":"2023-08-07T21:48:31.0427559+00:00","EndTime":"2023-08-07T21:48:31.0427559+00:00","Properties":[]},{"TestCase":{"Id":"dbf3831e-cd7c-9478-8c22-21cb819b92ec","FullyQualifiedName":"Tour_LoginRegister.Tests.ManageUserServiceTests.Login_ValidUser_ReturnsUserDTO","DisplayName":"Tour_LoginRegister.Tests.ManageUserServiceTests.Login_ValidUser_ReturnsUserDTO","ExecutorUri":"executor://xunit/VsTestRunner2/netcoreapp","Source":"D:\\TourWebsite\\backend\\TourApp\\Package_Test\\bin\\Debug\\net6.0\\fine-code-coverage\\build-output\\Package_Test.dll","CodeFilePath":null,"LineNumber":0,"Properties":[]},"Attachments":[],"Outcome":2,"ErrorMessage":"Assert.NotNull() Failure","ErrorStackTrace":"   at Tour_LoginRegister.Tests.ManageUserServiceTests.Login_ValidUser_ReturnsUserDTO() in D:\\TourWebsite\\backend\\TourApp\\Package_Test\\loginreg.cs:line 65\r\n--- End of stack trace from previous location ---","DisplayName":"Tour_LoginRegister.Tests.ManageUserServiceTests.Login_ValidUser_ReturnsUserDTO","Messages":[],"ComputerName":"DESKTOP-46QSN5C","Duration":"00:00:00.4774307","StartTime":"2023-08-07T21:48:31.1472114+00:00","EndTime":"2023-08-07T21:48:31.1472117+00:00","Properties":[]},{"TestCase":{"Id":"4e201011-32ee-4ac4-10b3-df936de2074c","FullyQualifiedName":"Tour_LoginRegister.Tests.ManageUserServiceTests.AgentRegister_ValidInput_ReturnsUserDTO","DisplayName":"Tour_LoginRegister.Tests.ManageUserServiceTests.AgentRegister_ValidInput_ReturnsUserDTO","ExecutorUri":"executor://xunit/VsTestRunner2/netcoreapp","Source":"D:\\TourWebsite\\backend\\TourApp\\Package_Test\\bin\\Debug\\net6.0\\fine-code-coverage\\build-output\\Package_Test.dll","CodeFilePath":null,"LineNumber":0,"Properties":[]},"Attachments":[],"Outcome":2,"ErrorMessage":"Assert.NotNull() Failure","ErrorStackTrace":"   at Tour_LoginRegister.Tests.ManageUserServiceTests.AgentRegister_ValidInput_ReturnsUserDTO() in D:\\TourWebsite\\backend\\TourApp\\Package_Test\\loginreg.cs:line 42\r\n--- End of stack trace from previous location ---","DisplayName":"Tour_LoginRegister.Tests.ManageUserServiceTests.AgentRegister_ValidInput_ReturnsUserDTO","Messages":[],"ComputerName":"DESKTOP-46QSN5C","Duration":"00:00:00.0027667","StartTime":"2023-08-07T21:48:31.1498412+00:00","EndTime":"2023-08-07T21:48:31.1498412+00:00","Properties":[]},{"TestCase":{"Id":"2b673040-68c0-24d0-48d2-f6672d731dc7","FullyQualifiedName":"Tour_packages.Tests.ContactDetailsRepoTests.Delete_NonExistingPackage_ReturnsNull","DisplayName":"Tour_packages.Tests.ContactDetailsRepoTests.Delete_NonExistingPackage_ReturnsNull","ExecutorUri":"executor://xunit/VsTestRunner2/netcoreapp","Source":"D:\\TourWebsite\\backend\\TourApp\\Package_Test\\bin\\Debug\\net6.0\\fine-code-coverage\\build-output\\Package_Test.dll","CodeFilePath":null,"LineNumber":0,"Properties":[]},"Attachments":[],"Outcome":1,"ErrorMessage":null,"ErrorStackTrace":null,"DisplayName":"Tour_packages.Tests.ContactDetailsRepoTests.Delete_NonExistingPackage_ReturnsNull","Messages":[],"ComputerName":"DESKTOP-46QSN5C","Duration":"00:00:01.4323585","StartTime":"2023-08-07T21:48:32.4659851+00:00","EndTime":"2023-08-07T21:48:32.4659854+00:00","Properties":[]},{"TestCase":{"Id":"6e6d71ce-c8be-05c2-b872-7de5b385d24d","FullyQualifiedName":"Tour_Feedback.Tests.FeedbackRepoTests.Delete_NonExistingId_ReturnsNull","DisplayName":"Tour_Feedback.Tests.FeedbackRepoTests.Delete_NonExistingId_ReturnsNull","ExecutorUri":"executor://xunit/VsTestRunner2/netcoreapp","Source":"D:\\TourWebsite\\backend\\TourApp\\Package_Test\\bin\\Debug\\net6.0\\fine-code-coverage\\build-output\\Package_Test.dll","CodeFilePath":null,"LineNumber":0,"Properties":[]},"Attachments":[],"Outcome":1,"ErrorMessage":null,"ErrorStackTrace":null,"DisplayName":"Tour_Feedback.Tests.FeedbackRepoTests.Delete_NonExistingId_ReturnsNull","Messages":[],"ComputerName":"DESKTOP-46QSN5C","Duration":"00:00:01.4631468","StartTime":"2023-08-07T21:48:32.4673882+00:00","EndTime":"2023-08-07T21:48:32.4673883+00:00","Properties":[]},{"TestCase":{"Id":"1e4be476-e79b-7cf9-58cf-cab6ac4ad989","FullyQualifiedName":"Tour_packages.Tests.ContactDetailsRepoTests.GetTourPackage_ServiceReturnsNull_ReturnsNotFound","DisplayName":"Tour_packages.Tests.ContactDetailsRepoTests.GetTourPackage_ServiceReturnsNull_ReturnsNotFound","ExecutorUri":"executor://xunit/VsTestRunner2/netcoreapp","Source":"D:\\TourWebsite\\backend\\TourApp\\Package_Test\\bin\\Debug\\net6.0\\fine-code-coverage\\build-output\\Package_Test.dll","CodeFilePath":null,"LineNumber":0,"Properties":[]},"Attachments":[],"Outcome":1,"ErrorMessage":null,"ErrorStackTrace":null,"DisplayName":"Tour_packages.Tests.ContactDetailsRepoTests.GetTourPackage_ServiceReturnsNull_ReturnsNotFound","Messages":[],"ComputerName":"DESKTOP-46QSN5C","Duration":"00:00:00.0015182","StartTime":"2023-08-07T21:48:32.469444+00:00","EndTime":"2023-08-07T21:48:32.469444+00:00","Properties":[]},{"TestCase":{"Id":"973d1619-3881-bbdc-be0d-87df631bd60c","FullyQualifiedName":"Tour_Feedback.Tests.FeedbackRepoTests.DeleteFeedbacks_ServiceReturnsNull_ReturnsBadRequestResponse","DisplayName":"Tour_Feedback.Tests.FeedbackRepoTests.DeleteFeedbacks_ServiceReturnsNull_ReturnsBadRequestResponse","ExecutorUri":"executor://xunit/VsTestRunner2/netcoreapp","Source":"D:\\TourWebsite\\backend\\TourApp\\Package_Test\\bin\\Debug\\net6.0\\fine-code-coverage\\build-output\\Package_Test.dll","CodeFilePath":null,"LineNumber":0,"Properties":[]},"Attachments":[],"Outcome":1,"ErrorMessage":null,"ErrorStackTrace":null,"DisplayName":"Tour_Feedback.Tests.FeedbackRepoTests.DeleteFeedbacks_ServiceReturnsNull_ReturnsBadRequestResponse","Messages":[],"ComputerName":"DESKTOP-46QSN5C","Duration":"00:00:00.0015348","StartTime":"2023-08-07T21:48:32.4700981+00:00","EndTime":"2023-08-07T21:48:32.4700982+00:00","Properties":[]}],"TestRunStatistics":{"ExecutedTests":16,"Stats":{"Passed":14,"Failed":2}},"ActiveTests":[{"Id":"f53d9a4c-faf8-3443-f368-dd69f893020d","FullyQualifiedName":"Tour_packages.Tests.ContactDetailsRepoTests.Add_ValidContactDetails_ReturnsAddedItem","DisplayName":"Tour_packages.Tests.ContactDetailsRepoTests.Add_ValidContactDetails_ReturnsAddedItem","ExecutorUri":"executor://xunit/VsTestRunner2/netcoreapp","Source":"D:\\TourWebsite\\backend\\TourApp\\Package_Test\\bin\\Debug\\net6.0\\fine-code-coverage\\build-output\\Package_Test.dll","CodeFilePath":null,"LineNumber":0,"Properties":[]}]}}
TpTrace Verbose: 0 : 14292, 13, 2023/08/08, 03:18:32.474, 2638018783207, vstest.console.dll, TestRunRequest:SendTestRunStatsChange: Starting.
TpTrace Verbose: 0 : 14292, 13, 2023/08/08, 03:18:32.474, 2638018783911, vstest.console.dll, InProgress is Tour_packages.Tests.ContactDetailsRepoTests.Add_ValidContactDetails_ReturnsAddedItem
TpTrace Verbose: 0 : 14292, 13, 2023/08/08, 03:18:32.474, 2638018784588, vstest.console.dll, MulticastDelegateUtilities.SafeInvoke: TestRun.RunStatsChanged: Invoking callbacks was skipped because there are no subscribers.
TpTrace Information: 0 : 14292, 13, 2023/08/08, 03:18:32.474, 2638018784795, vstest.console.dll, TestRunRequest:SendTestRunStatsChange: Completed.
TpTrace Verbose: 0 : 14292, 13, 2023/08/08, 03:18:32.474, 2638018785038, vstest.console.dll, MulticastDelegateUtilities.SafeInvoke: LengthPrefixCommunicationChannel: MessageReceived: Invoking callback 1/1 for Microsoft.VisualStudio.TestPlatform.CommunicationUtilities.TestRequestSender+<>c__DisplayClass34_0., took 1 ms.
TpTrace Verbose: 0 : 14292, 13, 2023/08/08, 03:18:32.474, 2638018785292, vstest.console.dll, TcpClientExtensions.MessageLoopAsync: Polling on remoteEndPoint: 127.0.0.1:47189 localEndPoint: 127.0.0.1:47188
TpTrace Verbose: 0 : 14292, 4, 2023/08/08, 03:18:32.474, 2638018785694, vstest.console.dll, MulticastDelegateUtilities.SafeInvoke: InternalTestLoggerEvents.SendTestResult: Invoking callback 1/1 for Microsoft.VisualStudio.TestPlatform.CommandLine.Internal.ConsoleLogger., took 0 ms.
TpTrace Verbose: 0 : 14292, 4, 2023/08/08, 03:18:32.474, 2638018786434, vstest.console.dll, MulticastDelegateUtilities.SafeInvoke: InternalTestLoggerEvents.SendTestResult: Invoking callback 1/1 for Microsoft.VisualStudio.TestPlatform.CommandLine.Internal.ConsoleLogger., took 0 ms.
TpTrace Verbose: 0 : 14292, 4, 2023/08/08, 03:18:32.474, 2638018786750, vstest.console.dll, MulticastDelegateUtilities.SafeInvoke: InternalTestLoggerEvents.SendTestResult: Invoking callback 1/1 for Microsoft.VisualStudio.TestPlatform.CommandLine.Internal.ConsoleLogger., took 0 ms.
TpTrace Verbose: 0 : 14292, 4, 2023/08/08, 03:18:32.475, 2638018794980, vstest.console.dll, MulticastDelegateUtilities.SafeInvoke: InternalTestLoggerEvents.SendTestResult: Invoking callback 1/1 for Microsoft.VisualStudio.TestPlatform.CommandLine.Internal.ConsoleLogger., took 0 ms.
TpTrace Verbose: 0 : 14292, 4, 2023/08/08, 03:18:32.475, 2638018797303, vstest.console.dll, MulticastDelegateUtilities.SafeInvoke: InternalTestLoggerEvents.SendTestResult: Invoking callback 1/1 for Microsoft.VisualStudio.TestPlatform.CommandLine.Internal.ConsoleLogger., took 0 ms.
TpTrace Verbose: 0 : 14292, 4, 2023/08/08, 03:18:32.475, 2638018797856, vstest.console.dll, MulticastDelegateUtilities.SafeInvoke: InternalTestLoggerEvents.SendTestResult: Invoking callback 1/1 for Microsoft.VisualStudio.TestPlatform.CommandLine.Internal.ConsoleLogger., took 0 ms.
TpTrace Verbose: 0 : 14292, 4, 2023/08/08, 03:18:32.475, 2638018798207, vstest.console.dll, MulticastDelegateUtilities.SafeInvoke: InternalTestLoggerEvents.SendTestResult: Invoking callback 1/1 for Microsoft.VisualStudio.TestPlatform.CommandLine.Internal.ConsoleLogger., took 0 ms.
TpTrace Verbose: 0 : 14292, 4, 2023/08/08, 03:18:32.475, 2638018798636, vstest.console.dll, MulticastDelegateUtilities.SafeInvoke: InternalTestLoggerEvents.SendTestResult: Invoking callback 1/1 for Microsoft.VisualStudio.TestPlatform.CommandLine.Internal.ConsoleLogger., took 0 ms.
TpTrace Verbose: 0 : 14292, 4, 2023/08/08, 03:18:32.476, 2638018798885, vstest.console.dll, MulticastDelegateUtilities.SafeInvoke: InternalTestLoggerEvents.SendTestResult: Invoking callback 1/1 for Microsoft.VisualStudio.TestPlatform.CommandLine.Internal.ConsoleLogger., took 0 ms.
TpTrace Verbose: 0 : 14292, 13, 2023/08/08, 03:18:32.593, 2638019978179, vstest.console.dll, TcpClientExtensions.MessageLoopAsync: NotifyDataAvailable remoteEndPoint: 127.0.0.1:47189 localEndPoint: 127.0.0.1:47188
TpTrace Verbose: 0 : 14292, 13, 2023/08/08, 03:18:32.594, 2638019980453, vstest.console.dll, TestRequestSender.OnExecutionMessageReceived: Received message: {"Version":7,"MessageType":"TestExecution.StatsChange","Payload":{"NewTestResults":[{"TestCase":{"Id":"8f7c0eef-6b45-098a-98f2-bd5cd60d160a","FullyQualifiedName":"Tour_Feedback.Tests.FeedbackRepoTests.AddFeedback_ValidInput_ReturnsAddedFeedback","DisplayName":"Tour_Feedback.Tests.FeedbackRepoTests.AddFeedback_ValidInput_ReturnsAddedFeedback","ExecutorUri":"executor://xunit/VsTestRunner2/netcoreapp","Source":"D:\\TourWebsite\\backend\\TourApp\\Package_Test\\bin\\Debug\\net6.0\\fine-code-coverage\\build-output\\Package_Test.dll","CodeFilePath":null,"LineNumber":0,"Properties":[]},"Attachments":[],"Outcome":1,"ErrorMessage":null,"ErrorStackTrace":null,"DisplayName":"Tour_Feedback.Tests.FeedbackRepoTests.AddFeedback_ValidInput_ReturnsAddedFeedback","Messages":[],"ComputerName":"DESKTOP-46QSN5C","Duration":"00:00:00.0016475","StartTime":"2023-08-07T21:48:32.4748269+00:00","EndTime":"2023-08-07T21:48:32.4748271+00:00","Properties":[]},{"TestCase":{"Id":"f53d9a4c-faf8-3443-f368-dd69f893020d","FullyQualifiedName":"Tour_packages.Tests.ContactDetailsRepoTests.Add_ValidContactDetails_ReturnsAddedItem","DisplayName":"Tour_packages.Tests.ContactDetailsRepoTests.Add_ValidContactDetails_ReturnsAddedItem","ExecutorUri":"executor://xunit/VsTestRunner2/netcoreapp","Source":"D:\\TourWebsite\\backend\\TourApp\\Package_Test\\bin\\Debug\\net6.0\\fine-code-coverage\\build-output\\Package_Test.dll","CodeFilePath":null,"LineNumber":0,"Properties":[]},"Attachments":[],"Outcome":1,"ErrorMessage":null,"ErrorStackTrace":null,"DisplayName":"Tour_packages.Tests.ContactDetailsRepoTests.Add_ValidContactDetails_ReturnsAddedItem","Messages":[],"ComputerName":"DESKTOP-46QSN5C","Duration":"00:00:00.1053518","StartTime":"2023-08-07T21:48:32.5730552+00:00","EndTime":"2023-08-07T21:48:32.5730557+00:00","Properties":[]},{"TestCase":{"Id":"25fb6c27-3138-9523-1676-0d92c15c200d","FullyQualifiedName":"Tour_packages.Tests.ContactDetailsRepoTests.DeleteContactDetails_NonExistingId_ReturnsNull","DisplayName":"Tour_packages.Tests.ContactDetailsRepoTests.DeleteContactDetails_NonExistingId_ReturnsNull","ExecutorUri":"executor://xunit/VsTestRunner2/netcoreapp","Source":"D:\\TourWebsite\\backend\\TourApp\\Package_Test\\bin\\Debug\\net6.0\\fine-code-coverage\\build-output\\Package_Test.dll","CodeFilePath":null,"LineNumber":0,"Properties":[]},"Attachments":[],"Outcome":1,"ErrorMessage":null,"ErrorStackTrace":null,"DisplayName":"Tour_packages.Tests.ContactDetailsRepoTests.DeleteContactDetails_NonExistingId_ReturnsNull","Messages":[],"ComputerName":"DESKTOP-46QSN5C","Duration":"00:00:00.0014725","StartTime":"2023-08-07T21:48:32.574816+00:00","EndTime":"2023-08-07T21:48:32.5748162+00:00","Properties":[]},{"TestCase":{"Id":"4825eee2-17d2-b242-ce31-34c7b3f050c8","FullyQualifiedName":"Tour_packages.Tests.ContactDetailsRepoTests.DeletePackage_ExistingId_ReturnsDeletedPackage","DisplayName":"Tour_packages.Tests.ContactDetailsRepoTests.DeletePackage_ExistingId_ReturnsDeletedPackage","ExecutorUri":"executor://xunit/VsTestRunner2/netcoreapp","Source":"D:\\TourWebsite\\backend\\TourApp\\Package_Test\\bin\\Debug\\net6.0\\fine-code-coverage\\build-output\\Package_Test.dll","CodeFilePath":null,"LineNumber":0,"Properties":[]},"Attachments":[],"Outcome":1,"ErrorMessage":null,"ErrorStackTrace":null,"DisplayName":"Tour_packages.Tests.ContactDetailsRepoTests.DeletePackage_ExistingId_ReturnsDeletedPackage","Messages":[],"ComputerName":"DESKTOP-46QSN5C","Duration":"00:00:00.0031026","StartTime":"2023-08-07T21:48:32.5778634+00:00","EndTime":"2023-08-07T21:48:32.5778639+00:00","Properties":[]},{"TestCase":{"Id":"14f494b3-20b0-94ec-97db-65a6dc141a9d","FullyQualifiedName":"Tour_packages.Tests.ContactDetailsRepoTests.DeletePackage_NonExistingId_ReturnsNull","DisplayName":"Tour_packages.Tests.ContactDetailsRepoTests.DeletePackage_NonExistingId_ReturnsNull","ExecutorUri":"executor://xunit/VsTestRunner2/netcoreapp","Source":"D:\\TourWebsite\\backend\\TourApp\\Package_Test\\bin\\Debug\\net6.0\\fine-code-coverage\\build-output\\Package_Test.dll","CodeFilePath":null,"LineNumber":0,"Properties":[]},"Attachments":[],"Outcome":1,"ErrorMessage":null,"ErrorStackTrace":null,"DisplayName":"Tour_packages.Tests.ContactDetailsRepoTests.DeletePackage_NonExistingId_ReturnsNull","Messages":[],"ComputerName":"DESKTOP-46QSN5C","Duration":"00:00:00.0017084","StartTime":"2023-08-07T21:48:32.5797067+00:00","EndTime":"2023-08-07T21:48:32.5797068+00:00","Properties":[]},{"TestCase":{"Id":"796a8800-1685-d441-e501-9bb93a84f2d6","FullyQualifiedName":"Tour_packages.Tests.ContactDetailsRepoTests.DeleteItinerary_ExistingId_ReturnsDeletedItinerary","DisplayName":"Tour_packages.Tests.ContactDetailsRepoTests.DeleteItinerary_ExistingId_ReturnsDeletedItinerary","ExecutorUri":"executor://xunit/VsTestRunner2/netcoreapp","Source":"D:\\TourWebsite\\backend\\TourApp\\Package_Test\\bin\\Debug\\net6.0\\fine-code-coverage\\build-output\\Package_Test.dll","CodeFilePath":null,"LineNumber":0,"Properties":[]},"Attachments":[],"Outcome":1,"ErrorMessage":null,"ErrorStackTrace":null,"DisplayName":"Tour_packages.Tests.ContactDetailsRepoTests.DeleteItinerary_ExistingId_ReturnsDeletedItinerary","Messages":[],"ComputerName":"DESKTOP-46QSN5C","Duration":"00:00:00.0027245","StartTime":"2023-08-07T21:48:32.5825494+00:00","EndTime":"2023-08-07T21:48:32.5825495+00:00","Properties":[]},{"TestCase":{"Id":"1ea37356-e57d-a047-61d4-81d886ead67e","FullyQualifiedName":"Tour_packages.Tests.ContactDetailsRepoTests.AddContactDetails_ValidInput_ReturnsAddedDetails","DisplayName":"Tour_packages.Tests.ContactDetailsRepoTests.AddContactDetails_ValidInput_ReturnsAddedDetails","ExecutorUri":"executor://xunit/VsTestRunner2/netcoreapp","Source":"D:\\TourWebsite\\backend\\TourApp\\Package_Test\\bin\\Debug\\net6.0\\fine-code-coverage\\build-output\\Package_Test.dll","CodeFilePath":null,"LineNumber":0,"Properties":[]},"Attachments":[],"Outcome":1,"ErrorMessage":null,"ErrorStackTrace":null,"DisplayName":"Tour_packages.Tests.ContactDetailsRepoTests.AddContactDetails_ValidInput_ReturnsAddedDetails","Messages":[],"ComputerName":"DESKTOP-46QSN5C","Duration":"00:00:00.0013411","StartTime":"2023-08-07T21:48:32.5841749+00:00","EndTime":"2023-08-07T21:48:32.584175+00:00","Properties":[]},{"TestCase":{"Id":"f3518fa1-745d-5734-3010-8fca823db34e","FullyQualifiedName":"Tour_packages.Tests.ContactDetailsRepoTests.Delete_NonExistingItinerary_ReturnsNullAndLogsError","DisplayName":"Tour_packages.Tests.ContactDetailsRepoTests.Delete_NonExistingItinerary_ReturnsNullAndLogsError","ExecutorUri":"executor://xunit/VsTestRunner2/netcoreapp","Source":"D:\\TourWebsite\\backend\\TourApp\\Package_Test\\bin\\Debug\\net6.0\\fine-code-coverage\\build-output\\Package_Test.dll","CodeFilePath":null,"LineNumber":0,"Properties":[]},"Attachments":[],"Outcome":1,"ErrorMessage":null,"ErrorStackTrace":null,"DisplayName":"Tour_packages.Tests.ContactDetailsRepoTests.Delete_NonExistingItinerary_ReturnsNullAndLogsError","Messages":[],"ComputerName":"DESKTOP-46QSN5C","Duration":"00:00:00.0075984","StartTime":"2023-08-07T21:48:32.5916165+00:00","EndTime":"2023-08-07T21:48:32.5916165+00:00","Properties":[]},{"TestCase":{"Id":"a4476f51-bf8a-e113-88f3-18d8ebe4245c","FullyQualifiedName":"Tour_packages.Tests.ContactDetailsRepoTests.AddTourPackage_ValidInput_ReturnsOkResult","DisplayName":"Tour_packages.Tests.ContactDetailsRepoTests.AddTourPackage_ValidInput_ReturnsOkResult","ExecutorUri":"executor://xunit/VsTestRunner2/netcoreapp","Source":"D:\\TourWebsite\\backend\\TourApp\\Package_Test\\bin\\Debug\\net6.0\\fine-code-coverage\\build-output\\Package_Test.dll","CodeFilePath":null,"LineNumber":0,"Properties":[]},"Attachments":[],"Outcome":1,"ErrorMessage":null,"ErrorStackTrace":null,"DisplayName":"Tour_packages.Tests.ContactDetailsRepoTests.AddTourPackage_ValidInput_ReturnsOkResult","Messages":[],"ComputerName":"DESKTOP-46QSN5C","Duration":"00:00:00.0012592","StartTime":"2023-08-07T21:48:32.5930366+00:00","EndTime":"2023-08-07T21:48:32.5930367+00:00","Properties":[]}],"TestRunStatistics":{"ExecutedTests":25,"Stats":{"Passed":23,"Failed":2}},"ActiveTests":[{"Id":"8e140855-03e4-82bb-f8f5-d3febd3141fc","FullyQualifiedName":"Tour_packages.Tests.ContactDetailsRepoTests.UpdateContactDetails_ValidInput_ReturnsOkResult","DisplayName":"Tour_packages.Tests.ContactDetailsRepoTests.UpdateContactDetails_ValidInput_ReturnsOkResult","ExecutorUri":"executor://xunit/VsTestRunner2/netcoreapp","Source":"D:\\TourWebsite\\backend\\TourApp\\Package_Test\\bin\\Debug\\net6.0\\fine-code-coverage\\build-output\\Package_Test.dll","CodeFilePath":null,"LineNumber":0,"Properties":[]}]}}
TpTrace Verbose: 0 : 14292, 13, 2023/08/08, 03:18:32.594, 2638019985848, vstest.console.dll, TestRunRequest:SendTestRunStatsChange: Starting.
TpTrace Verbose: 0 : 14292, 13, 2023/08/08, 03:18:32.594, 2638019986126, vstest.console.dll, InProgress is Tour_packages.Tests.ContactDetailsRepoTests.UpdateContactDetails_ValidInput_ReturnsOkResult
TpTrace Verbose: 0 : 14292, 13, 2023/08/08, 03:18:32.594, 2638019986452, vstest.console.dll, MulticastDelegateUtilities.SafeInvoke: TestRun.RunStatsChanged: Invoking callbacks was skipped because there are no subscribers.
TpTrace Information: 0 : 14292, 13, 2023/08/08, 03:18:32.594, 2638019986579, vstest.console.dll, TestRunRequest:SendTestRunStatsChange: Completed.
TpTrace Verbose: 0 : 14292, 13, 2023/08/08, 03:18:32.594, 2638019986725, vstest.console.dll, MulticastDelegateUtilities.SafeInvoke: LengthPrefixCommunicationChannel: MessageReceived: Invoking callback 1/1 for Microsoft.VisualStudio.TestPlatform.CommunicationUtilities.TestRequestSender+<>c__DisplayClass34_0., took 0 ms.
TpTrace Verbose: 0 : 14292, 13, 2023/08/08, 03:18:32.594, 2638019986884, vstest.console.dll, TcpClientExtensions.MessageLoopAsync: Polling on remoteEndPoint: 127.0.0.1:47189 localEndPoint: 127.0.0.1:47188
TpTrace Verbose: 0 : 14292, 4, 2023/08/08, 03:18:32.595, 2638019995548, vstest.console.dll, MulticastDelegateUtilities.SafeInvoke: InternalTestLoggerEvents.SendTestResult: Invoking callback 1/1 for Microsoft.VisualStudio.TestPlatform.CommandLine.Internal.ConsoleLogger., took 0 ms.
TpTrace Verbose: 0 : 14292, 4, 2023/08/08, 03:18:32.595, 2638019996379, vstest.console.dll, MulticastDelegateUtilities.SafeInvoke: InternalTestLoggerEvents.SendTestResult: Invoking callback 1/1 for Microsoft.VisualStudio.TestPlatform.CommandLine.Internal.ConsoleLogger., took 0 ms.
TpTrace Verbose: 0 : 14292, 4, 2023/08/08, 03:18:32.595, 2638019996576, vstest.console.dll, MulticastDelegateUtilities.SafeInvoke: InternalTestLoggerEvents.SendTestResult: Invoking callback 1/1 for Microsoft.VisualStudio.TestPlatform.CommandLine.Internal.ConsoleLogger., took 0 ms.
TpTrace Verbose: 0 : 14292, 4, 2023/08/08, 03:18:32.595, 2638019996762, vstest.console.dll, MulticastDelegateUtilities.SafeInvoke: InternalTestLoggerEvents.SendTestResult: Invoking callback 1/1 for Microsoft.VisualStudio.TestPlatform.CommandLine.Internal.ConsoleLogger., took 0 ms.
TpTrace Verbose: 0 : 14292, 4, 2023/08/08, 03:18:32.595, 2638019996920, vstest.console.dll, MulticastDelegateUtilities.SafeInvoke: InternalTestLoggerEvents.SendTestResult: Invoking callback 1/1 for Microsoft.VisualStudio.TestPlatform.CommandLine.Internal.ConsoleLogger., took 0 ms.
TpTrace Verbose: 0 : 14292, 4, 2023/08/08, 03:18:32.595, 2638019997136, vstest.console.dll, MulticastDelegateUtilities.SafeInvoke: InternalTestLoggerEvents.SendTestResult: Invoking callback 1/1 for Microsoft.VisualStudio.TestPlatform.CommandLine.Internal.ConsoleLogger., took 0 ms.
TpTrace Verbose: 0 : 14292, 4, 2023/08/08, 03:18:32.595, 2638019997322, vstest.console.dll, MulticastDelegateUtilities.SafeInvoke: InternalTestLoggerEvents.SendTestResult: Invoking callback 1/1 for Microsoft.VisualStudio.TestPlatform.CommandLine.Internal.ConsoleLogger., took 0 ms.
TpTrace Verbose: 0 : 14292, 4, 2023/08/08, 03:18:32.595, 2638019997490, vstest.console.dll, MulticastDelegateUtilities.SafeInvoke: InternalTestLoggerEvents.SendTestResult: Invoking callback 1/1 for Microsoft.VisualStudio.TestPlatform.CommandLine.Internal.ConsoleLogger., took 0 ms.
TpTrace Verbose: 0 : 14292, 4, 2023/08/08, 03:18:32.595, 2638019997651, vstest.console.dll, MulticastDelegateUtilities.SafeInvoke: InternalTestLoggerEvents.SendTestResult: Invoking callback 1/1 for Microsoft.VisualStudio.TestPlatform.CommandLine.Internal.ConsoleLogger., took 0 ms.
TpTrace Verbose: 0 : 14292, 13, 2023/08/08, 03:18:32.606, 2638020100309, vstest.console.dll, TcpClientExtensions.MessageLoopAsync: NotifyDataAvailable remoteEndPoint: 127.0.0.1:47189 localEndPoint: 127.0.0.1:47188
TpTrace Verbose: 0 : 14292, 13, 2023/08/08, 03:18:32.606, 2638020101274, vstest.console.dll, TestRequestSender.OnExecutionMessageReceived: Received message: {"Version":7,"MessageType":"TestSession.Message","Payload":{"MessageLevel":0,"Message":"[xUnit.net 00:00:10.06]   Finished:    Package_Test"}}
TpTrace Verbose: 0 : 14292, 13, 2023/08/08, 03:18:32.606, 2638020102026, vstest.console.dll, TestRunRequest:SendTestRunMessage: Starting.
TpTrace Verbose: 0 : 14292, 13, 2023/08/08, 03:18:32.606, 2638020102351, vstest.console.dll, MulticastDelegateUtilities.SafeInvoke: TestRun.LogMessages: Invoking callback 1/1 for Microsoft.VisualStudio.TestPlatform.CommandLine.TestRunResultAggregator., took 0 ms.
TpTrace Information: 0 : 14292, 13, 2023/08/08, 03:18:32.606, 2638020102481, vstest.console.dll, TestRunRequest:SendTestRunMessage: Completed.
TpTrace Verbose: 0 : 14292, 13, 2023/08/08, 03:18:32.606, 2638020102612, vstest.console.dll, MulticastDelegateUtilities.SafeInvoke: LengthPrefixCommunicationChannel: MessageReceived: Invoking callback 1/1 for Microsoft.VisualStudio.TestPlatform.CommunicationUtilities.TestRequestSender+<>c__DisplayClass34_0., took 0 ms.
TpTrace Verbose: 0 : 14292, 13, 2023/08/08, 03:18:32.606, 2638020102765, vstest.console.dll, TcpClientExtensions.MessageLoopAsync: Polling on remoteEndPoint: 127.0.0.1:47189 localEndPoint: 127.0.0.1:47188
TpTrace Verbose: 0 : 14292, 4, 2023/08/08, 03:18:32.606, 2638020103370, vstest.console.dll, MulticastDelegateUtilities.SafeInvoke: InternalTestLoggerEvents.SendTestRunMessage: Invoking callback 1/1 for Microsoft.VisualStudio.TestPlatform.CommandLine.Internal.ConsoleLogger., took 0 ms.
TpTrace Verbose: 0 : 14292, 13, 2023/08/08, 03:18:32.621, 2638020254874, vstest.console.dll, TcpClientExtensions.MessageLoopAsync: NotifyDataAvailable remoteEndPoint: 127.0.0.1:47189 localEndPoint: 127.0.0.1:47188
TpTrace Verbose: 0 : 14292, 13, 2023/08/08, 03:18:32.621, 2638020257160, vstest.console.dll, TestRequestSender.OnExecutionMessageReceived: Received message: {"Version":7,"MessageType":"TestExecution.Completed","Payload":{"TestRunCompleteArgs":{"TestRunStatistics":{"ExecutedTests":31,"Stats":{"Passed":29,"Failed":2}},"IsCanceled":false,"IsAborted":false,"Error":null,"AttachmentSets":[],"InvokedDataCollectors":[],"ElapsedTimeInRunningTests":"00:00:10.0723567","Metrics":{},"DiscoveredExtensions":{"TestDiscoverers":["Xunit.Runner.VisualStudio.VsTestRunner, xunit.runner.visualstudio.dotnetcore.testadapter, Version=2.4.0.0, Culture=neutral, PublicKeyToken=8d05b1bb7a6fdb6c"],"TestExecutors":["executor://xunit/VsTestRunner2/netcoreapp"],"TestExecutors2":[],"TestSettingsProviders":[]}},"LastRunTests":{"NewTestResults":[{"TestCase":{"Id":"8e140855-03e4-82bb-f8f5-d3febd3141fc","FullyQualifiedName":"Tour_packages.Tests.ContactDetailsRepoTests.UpdateContactDetails_ValidInput_ReturnsOkResult","DisplayName":"Tour_packages.Tests.ContactDetailsRepoTests.UpdateContactDetails_ValidInput_ReturnsOkResult","ExecutorUri":"executor://xunit/VsTestRunner2/netcoreapp","Source":"D:\\TourWebsite\\backend\\TourApp\\Package_Test\\bin\\Debug\\net6.0\\fine-code-coverage\\build-output\\Package_Test.dll","CodeFilePath":null,"LineNumber":0,"Properties":[]},"Attachments":[],"Outcome":1,"ErrorMessage":null,"ErrorStackTrace":null,"DisplayName":"Tour_packages.Tests.ContactDetailsRepoTests.UpdateContactDetails_ValidInput_ReturnsOkResult","Messages":[],"ComputerName":"DESKTOP-46QSN5C","Duration":"00:00:00.0013288","StartTime":"2023-08-07T21:48:32.5944684+00:00","EndTime":"2023-08-07T21:48:32.5944685+00:00","Properties":[]},{"TestCase":{"Id":"6a807150-9358-86f9-fb1a-25521299ab48","FullyQualifiedName":"Tour_packages.Tests.ContactDetailsRepoTests.AddTourPackage_ServiceReturnsNull_ReturnsBadRequest","DisplayName":"Tour_packages.Tests.ContactDetailsRepoTests.AddTourPackage_ServiceReturnsNull_ReturnsBadRequest","ExecutorUri":"executor://xunit/VsTestRunner2/netcoreapp","Source":"D:\\TourWebsite\\backend\\TourApp\\Package_Test\\bin\\Debug\\net6.0\\fine-code-coverage\\build-output\\Package_Test.dll","CodeFilePath":null,"LineNumber":0,"Properties":[]},"Attachments":[],"Outcome":1,"ErrorMessage":null,"ErrorStackTrace":null,"DisplayName":"Tour_packages.Tests.ContactDetailsRepoTests.AddTourPackage_ServiceReturnsNull_ReturnsBadRequest","Messages":[],"ComputerName":"DESKTOP-46QSN5C","Duration":"00:00:00.0008311","StartTime":"2023-08-07T21:48:32.5957859+00:00","EndTime":"2023-08-07T21:48:32.5957869+00:00","Properties":[]},{"TestCase":{"Id":"560564cb-457e-5d70-baba-b8f01bf65a93","FullyQualifiedName":"Tour_packages.Tests.ContactDetailsRepoTests.DeleteItinerary_NonExistingId_ReturnsNull","DisplayName":"Tour_packages.Tests.ContactDetailsRepoTests.DeleteItinerary_NonExistingId_ReturnsNull","ExecutorUri":"executor://xunit/VsTestRunner2/netcoreapp","Source":"D:\\TourWebsite\\backend\\TourApp\\Package_Test\\bin\\Debug\\net6.0\\fine-code-coverage\\build-output\\Package_Test.dll","CodeFilePath":null,"LineNumber":0,"Properties":[]},"Attachments":[],"Outcome":1,"ErrorMessage":null,"ErrorStackTrace":null,"DisplayName":"Tour_packages.Tests.ContactDetailsRepoTests.DeleteItinerary_NonExistingId_ReturnsNull","Messages":[],"ComputerName":"DESKTOP-46QSN5C","Duration":"00:00:00.0013713","StartTime":"2023-08-07T21:48:32.5969803+00:00","EndTime":"2023-08-07T21:48:32.5969804+00:00","Properties":[]},{"TestCase":{"Id":"a5a6493c-d298-fd7c-2041-8dd91542cacf","FullyQualifiedName":"Tour_packages.Tests.ContactDetailsRepoTests.AddContactDetails_ValidInput_ReturnsOkResult","DisplayName":"Tour_packages.Tests.ContactDetailsRepoTests.AddContactDetails_ValidInput_ReturnsOkResult","ExecutorUri":"executor://xunit/VsTestRunner2/netcoreapp","Source":"D:\\TourWebsite\\backend\\TourApp\\Package_Test\\bin\\Debug\\net6.0\\fine-code-coverage\\build-output\\Package_Test.dll","CodeFilePath":null,"LineNumber":0,"Properties":[]},"Attachments":[],"Outcome":1,"ErrorMessage":null,"ErrorStackTrace":null,"DisplayName":"Tour_packages.Tests.ContactDetailsRepoTests.AddContactDetails_ValidInput_ReturnsOkResult","Messages":[],"ComputerName":"DESKTOP-46QSN5C","Duration":"00:00:00.0009778","StartTime":"2023-08-07T21:48:32.5982985+00:00","EndTime":"2023-08-07T21:48:32.5982986+00:00","Properties":[]},{"TestCase":{"Id":"a32efbf3-4025-11df-f715-3bbf4351d88a","FullyQualifiedName":"Tour_packages.Tests.ContactDetailsRepoTests.GetContactDetails_ServiceReturnsNull_ReturnsNotFound","DisplayName":"Tour_packages.Tests.ContactDetailsRepoTests.GetContactDetails_ServiceReturnsNull_ReturnsNotFound","ExecutorUri":"executor://xunit/VsTestRunner2/netcoreapp","Source":"D:\\TourWebsite\\backend\\TourApp\\Package_Test\\bin\\Debug\\net6.0\\fine-code-coverage\\build-output\\Package_Test.dll","CodeFilePath":null,"LineNumber":0,"Properties":[]},"Attachments":[],"Outcome":1,"ErrorMessage":null,"ErrorStackTrace":null,"DisplayName":"Tour_packages.Tests.ContactDetailsRepoTests.GetContactDetails_ServiceReturnsNull_ReturnsNotFound","Messages":[],"ComputerName":"DESKTOP-46QSN5C","Duration":"00:00:00.0054586","StartTime":"2023-08-07T21:48:32.6037128+00:00","EndTime":"2023-08-07T21:48:32.6037129+00:00","Properties":[]},{"TestCase":{"Id":"35cf5a84-f168-628a-1697-f4cccbedd6f9","FullyQualifiedName":"Tour_packages.Tests.ContactDetailsRepoTests.AddItinerary_ValidInput_ReturnsAddedItinerary","DisplayName":"Tour_packages.Tests.ContactDetailsRepoTests.AddItinerary_ValidInput_ReturnsAddedItinerary","ExecutorUri":"executor://xunit/VsTestRunner2/netcoreapp","Source":"D:\\TourWebsite\\backend\\TourApp\\Package_Test\\bin\\Debug\\net6.0\\fine-code-coverage\\build-output\\Package_Test.dll","CodeFilePath":null,"LineNumber":0,"Properties":[]},"Attachments":[],"Outcome":1,"ErrorMessage":null,"ErrorStackTrace":null,"DisplayName":"Tour_packages.Tests.ContactDetailsRepoTests.AddItinerary_ValidInput_ReturnsAddedItinerary","Messages":[],"ComputerName":"DESKTOP-46QSN5C","Duration":"00:00:00.0012234","StartTime":"2023-08-07T21:48:32.6046395+00:00","EndTime":"2023-08-07T21:48:32.6046395+00:00","Properties":[]}],"TestRunStatistics":{"ExecutedTests":31,"Stats":{"Passed":29,"Failed":2}},"ActiveTests":[]},"RunAttachments":[],"ExecutorUris":["executor://xunit/VsTestRunner2/netcoreapp"]}}
TpTrace Verbose: 0 : 14292, 13, 2023/08/08, 03:18:32.621, 2638020258431, vstest.console.dll, TestRequestSender.EndSession: Sending end session.
TpTrace Verbose: 0 : 14292, 13, 2023/08/08, 03:18:32.622, 2638020260816, vstest.console.dll, ProxyOperationManager.Close: waiting for test host to exit for 100 ms
TpTrace Warning: 0 : 14292, 13, 2023/08/08, 03:18:32.737, 2638021413383, vstest.console.dll, ProxyOperationManager: Timed out waiting for test host to exit. Will terminate process.
TpTrace Information: 0 : 14292, 13, 2023/08/08, 03:18:32.737, 2638021415030, vstest.console.dll, SocketServer.Stop: Stop server endPoint: 127.0.0.1:47188
TpTrace Information: 0 : 14292, 13, 2023/08/08, 03:18:32.737, 2638021415211, vstest.console.dll, SocketServer.Stop: Cancellation requested. Stopping message loop.
TpTrace Information: 0 : 14292, 13, 2023/08/08, 03:18:32.737, 2638021416169, vstest.console.dll, Closing the connection
TpTrace Warning: 0 : 14292, 11, 2023/08/08, 03:18:32.741, 2638021453049, vstest.console.dll, TestHostManagerCallbacks.ErrorReceivedCallback Test host standard error line: 
TpTrace Verbose: 0 : 14292, 13, 2023/08/08, 03:18:32.758, 2638021628586, vstest.console.dll, TestHostProvider.ExitCallBack: Host exited starting callback.
TpTrace Information: 0 : 14292, 13, 2023/08/08, 03:18:32.759, 2638021630325, vstest.console.dll, TestHostManagerCallbacks.ExitCallBack: Testhost processId: 17696 exited with exitcode: 0 error: ''
TpTrace Verbose: 0 : 14292, 13, 2023/08/08, 03:18:32.759, 2638021630695, vstest.console.dll, DotnetTestHostManager.OnHostExited: invoking OnHostExited callback
TpTrace Verbose: 0 : 14292, 13, 2023/08/08, 03:18:32.759, 2638021631157, vstest.console.dll, CrossPlatEngine.TestHostManagerHostExited: calling on client process exit callback.
TpTrace Information: 0 : 14292, 13, 2023/08/08, 03:18:32.759, 2638021631555, vstest.console.dll, TestRequestSender.OnClientProcessExit: Test host process exited. Standard error: 
TpTrace Information: 0 : 14292, 13, 2023/08/08, 03:18:32.759, 2638021632499, vstest.console.dll, SocketServer.Stop: Stop server endPoint: 127.0.0.1:47188
TpTrace Information: 0 : 14292, 13, 2023/08/08, 03:18:32.759, 2638021632808, vstest.console.dll, SocketServer.Stop: Cancellation requested. Stopping message loop.
TpTrace Verbose: 0 : 14292, 13, 2023/08/08, 03:18:32.759, 2638021633131, vstest.console.dll, MulticastDelegateUtilities.SafeInvoke: HostProviderEvents.OnHostExited: Invoking callback 1/1 for Microsoft.VisualStudio.TestPlatform.CrossPlatEngine.Client.ProxyOperationManager., took 0 ms.
TpTrace Verbose: 0 : 14292, 13, 2023/08/08, 03:18:32.802, 2638022062249, vstest.console.dll, ProxyDataCollectionManager.InvokeDataCollectionServiceAction: Starting.
TpTrace Information: 0 : 14292, 13, 2023/08/08, 03:18:32.802, 2638022063257, vstest.console.dll, ProxyDataCollectionManager.AfterTestRunEnd: Get attachment set and invoked data collectors processId: 23896 port: 47185
TpTrace Verbose: 0 : 14292, 13, 2023/08/08, 03:18:32.802, 2638022063819, vstest.console.dll, DataCollectionRequestSender.SendAfterTestRunStartAndGetResult: Send AfterTestRunEnd message with isCancelled: False
TpTrace Verbose: 0 : 14292, 13, 2023/08/08, 03:18:32.809, 2638022136519, vstest.console.dll, DataCollectionRequestSender.SendAfterTestRunStartAndGetResult: Received message: (DataCollection.AfterTestRunEndResult) -> {"MessageType":"DataCollection.AfterTestRunEndResult","Payload":{"AttachmentSets":[],"InvokedDataCollectors":[{"Uri":"datacollector://Microsoft/TestPlatform/Extensions/Blame/v1","FriendlyName":"Blame","AssemblyQualifiedName":"Microsoft.TestPlatform.Extensions.BlameDataCollector.BlameCollector, Microsoft.TestPlatform.Extensions.BlameDataCollector, Version=15.0.0.0, Culture=neutral, PublicKeyToken=b03f5f7f11d50a3a","FilePath":"C:\\Program Files\\dotnet\\sdk\\7.0.203\\Extensions\\Microsoft.TestPlatform.Extensions.BlameDataCollector.dll","HasAttachmentProcessor":false}],"Metrics":{}}}
TpTrace Information: 0 : 14292, 13, 2023/08/08, 03:18:32.816, 2638022205406, vstest.console.dll, ProxyDataCollectionManager.InvokeDataCollectionServiceAction: Completed.
TpTrace Warning: 0 : 14292, 9, 2023/08/08, 03:18:32.832, 2638022361227, vstest.console.dll, DataCollectionLauncher.ErrorReceivedCallback datacollector standard error line: 
TpTrace Information: 0 : 14292, 9, 2023/08/08, 03:18:32.841, 2638022456593, vstest.console.dll, DataCollectionLauncher.ExitCallBack: Data collector exited with exitcode: 0 error: ''
TpTrace Verbose: 0 : 14292, 13, 2023/08/08, 03:18:32.852, 2638022561145, vstest.console.dll, TestRunRequest:SendTestRunStatsChange: Starting.
TpTrace Verbose: 0 : 14292, 13, 2023/08/08, 03:18:32.852, 2638022562151, vstest.console.dll, MulticastDelegateUtilities.SafeInvoke: TestRun.RunStatsChanged: Invoking callbacks was skipped because there are no subscribers.
TpTrace Information: 0 : 14292, 13, 2023/08/08, 03:18:32.852, 2638022562298, vstest.console.dll, TestRunRequest:SendTestRunStatsChange: Completed.
TpTrace Verbose: 0 : 14292, 4, 2023/08/08, 03:18:32.852, 2638022563111, vstest.console.dll, MulticastDelegateUtilities.SafeInvoke: InternalTestLoggerEvents.SendTestResult: Invoking callback 1/1 for Microsoft.VisualStudio.TestPlatform.CommandLine.Internal.ConsoleLogger., took 0 ms.
TpTrace Verbose: 0 : 14292, 4, 2023/08/08, 03:18:32.852, 2638022563633, vstest.console.dll, MulticastDelegateUtilities.SafeInvoke: InternalTestLoggerEvents.SendTestResult: Invoking callback 1/1 for Microsoft.VisualStudio.TestPlatform.CommandLine.Internal.ConsoleLogger., took 0 ms.
TpTrace Verbose: 0 : 14292, 4, 2023/08/08, 03:18:32.852, 2638022563847, vstest.console.dll, MulticastDelegateUtilities.SafeInvoke: InternalTestLoggerEvents.SendTestResult: Invoking callback 1/1 for Microsoft.VisualStudio.TestPlatform.CommandLine.Internal.ConsoleLogger., took 0 ms.
TpTrace Verbose: 0 : 14292, 4, 2023/08/08, 03:18:32.852, 2638022564012, vstest.console.dll, MulticastDelegateUtilities.SafeInvoke: InternalTestLoggerEvents.SendTestResult: Invoking callback 1/1 for Microsoft.VisualStudio.TestPlatform.CommandLine.Internal.ConsoleLogger., took 0 ms.
TpTrace Verbose: 0 : 14292, 4, 2023/08/08, 03:18:32.852, 2638022564213, vstest.console.dll, MulticastDelegateUtilities.SafeInvoke: InternalTestLoggerEvents.SendTestResult: Invoking callback 1/1 for Microsoft.VisualStudio.TestPlatform.CommandLine.Internal.ConsoleLogger., took 0 ms.
TpTrace Verbose: 0 : 14292, 4, 2023/08/08, 03:18:32.852, 2638022564465, vstest.console.dll, MulticastDelegateUtilities.SafeInvoke: InternalTestLoggerEvents.SendTestResult: Invoking callback 1/1 for Microsoft.VisualStudio.TestPlatform.CommandLine.Internal.ConsoleLogger., took 0 ms.
TpTrace Verbose: 0 : 14292, 13, 2023/08/08, 03:18:32.852, 2638022565798, vstest.console.dll, ParallelProxyExecutionManager: HandlePartialRunComplete: Total completed clients = 1, Run complete = True, Run canceled: False.
TpTrace Verbose: 0 : 14292, 4, 2023/08/08, 03:18:32.863, 2638022677874, vstest.console.dll, MulticastDelegateUtilities.SafeInvoke: InternalTestLoggerEvents.SendTestRunComplete: Invoking callback 1/2 for Microsoft.TestPlatform.Extensions.BlameDataCollector.BlameLogger., took 0 ms.
TpTrace Verbose: 0 : 14292, 4, 2023/08/08, 03:18:32.868, 2638022724337, vstest.console.dll, MulticastDelegateUtilities.SafeInvoke: InternalTestLoggerEvents.SendTestRunComplete: Invoking callback 2/2 for Microsoft.VisualStudio.TestPlatform.CommandLine.Internal.ConsoleLogger., took 4 ms.
TpTrace Verbose: 0 : 14292, 13, 2023/08/08, 03:18:32.868, 2638022726851, vstest.console.dll, TestRunRequest:TestRunComplete: Starting. IsAborted:False IsCanceled:False.
TpTrace Verbose: 0 : 14292, 13, 2023/08/08, 03:18:32.869, 2638022737230, vstest.console.dll, TestLoggerManager.HandleTestRunComplete: Ignoring as the object is disposed.
TpTrace Verbose: 0 : 14292, 13, 2023/08/08, 03:18:32.869, 2638022738668, vstest.console.dll, MulticastDelegateUtilities.SafeInvoke: TestRun.TestRunComplete: Invoking callback 1/2 for Microsoft.VisualStudio.TestPlatform.CommandLine.TestRunResultAggregator., took 0 ms.
TpTrace Verbose: 0 : 14292, 13, 2023/08/08, 03:18:32.870, 2638022739535, vstest.console.dll, MulticastDelegateUtilities.SafeInvoke: TestRun.TestRunComplete: Invoking callback 2/2 for Microsoft.VisualStudio.TestPlatform.CommandLine.Processors.RunTestsArgumentExecutor+TestRunRequestEventsRegistrar., took 0 ms.
TpTrace Information: 0 : 14292, 13, 2023/08/08, 03:18:32.870, 2638022740142, vstest.console.dll, TestRunRequest:TestRunComplete: Completed.
TpTrace Verbose: 0 : 14292, 13, 2023/08/08, 03:18:32.870, 2638022740346, vstest.console.dll, TestRequestSender.SetOperationComplete: Setting operation complete.
TpTrace Information: 0 : 14292, 13, 2023/08/08, 03:18:32.870, 2638022740482, vstest.console.dll, SocketServer.Stop: Stop server endPoint: 127.0.0.1:47188
TpTrace Information: 0 : 14292, 13, 2023/08/08, 03:18:32.870, 2638022740596, vstest.console.dll, SocketServer.Stop: Cancellation requested. Stopping message loop.
TpTrace Verbose: 0 : 14292, 13, 2023/08/08, 03:18:32.870, 2638022740757, vstest.console.dll, MulticastDelegateUtilities.SafeInvoke: LengthPrefixCommunicationChannel: MessageReceived: Invoking callback 1/1 for Microsoft.VisualStudio.TestPlatform.CommunicationUtilities.TestRequestSender+<>c__DisplayClass34_0., took 248 ms.
TpTrace Information: 0 : 14292, 13, 2023/08/08, 03:18:32.870, 2638022740959, vstest.console.dll, SocketServer.PrivateStop: Stopping server endPoint: 127.0.0.1:47188 error: 
TpTrace Verbose: 0 : 14292, 1, 2023/08/08, 03:18:32.870, 2638022741433, vstest.console.dll, TestRunRequest.Dispose: Starting.
TpTrace Information: 0 : 14292, 1, 2023/08/08, 03:18:32.870, 2638022741882, vstest.console.dll, TestRunRequest.Dispose: Completed.
TpTrace Information: 0 : 14292, 1, 2023/08/08, 03:18:32.870, 2638022742360, vstest.console.dll, TestRequestManager.RunTests: run tests completed.
TpTrace Information: 0 : 14292, 1, 2023/08/08, 03:18:32.870, 2638022743021, vstest.console.dll, RunTestsArgumentProcessor:Execute: Test run is completed.
TpTrace Verbose: 0 : 14292, 13, 2023/08/08, 03:18:32.870, 2638022744175, vstest.console.dll, LengthPrefixCommunicationChannel.Dispose: Dispose reader and writer.
TpTrace Information: 0 : 14292, 13, 2023/08/08, 03:18:32.870, 2638022744684, vstest.console.dll, SocketServer.Stop: Raise disconnected event endPoint: 127.0.0.1:47188 error: 
TpTrace Verbose: 0 : 14292, 1, 2023/08/08, 03:18:32.870, 2638022745047, vstest.console.dll, Executor.Execute: Exiting with exit code of 1
TpTrace Verbose: 0 : 14292, 13, 2023/08/08, 03:18:32.870, 2638022745270, vstest.console.dll, TestRequestSender: OnTestRunAbort: Operation is already complete. Skip error message.
TpTrace Verbose: 0 : 14292, 13, 2023/08/08, 03:18:32.870, 2638022745484, vstest.console.dll, MulticastDelegateUtilities.SafeInvoke: SocketServer: ClientDisconnected: Invoking callback 1/1 for Microsoft.VisualStudio.TestPlatform.CommunicationUtilities.TestRequestSender., took 0 ms.
TpTrace Verbose: 0 : 14292, 13, 2023/08/08, 03:18:32.870, 2638022745647, vstest.console.dll, TcpClientExtensions.MessageLoopAsync: exiting MessageLoopAsync remoteEndPoint: 127.0.0.1:47189 localEndPoint: 127.0.0.1:47188
